This is pdfTeX, Version 3.14159265-2.6-1.40.16 (MiKTeX 2.9 64-bit) (preloaded format=pdflatex 2016.3.9)  16 DEC 2016 03:33
entering extended mode
**./Final.tex
(Final.tex
LaTeX2e <2015/10/01> patch level 2
Babel <3.9n> and hyphenation patterns for 69 languages loaded.
(commands.tex

LaTeX Warning: You have requested package `',
               but the package provides `commands'.

Package: commands 
("C:\Users\bhavesh\AppData\Local\Programs\MiKTeX 2.9\tex\latex\base\article.cls
"
Document Class: article 2014/09/29 v1.4h Standard LaTeX document class
("C:\Users\bhavesh\AppData\Local\Programs\MiKTeX 2.9\tex\latex\base\size11.clo"
File: size11.clo 2014/09/29 v1.4h Standard LaTeX file (size option)
)
\c@part=\count79
\c@section=\count80
\c@subsection=\count81
\c@subsubsection=\count82
\c@paragraph=\count83
\c@subparagraph=\count84
\c@figure=\count85
\c@table=\count86
\abovecaptionskip=\skip41
\belowcaptionskip=\skip42
\bibindent=\dimen102
)
("C:\Users\bhavesh\AppData\Local\Programs\MiKTeX 2.9\tex\latex\oberdiek\epstopd
f.sty"
Package: epstopdf 2010/02/09 v2.5 Conversion with epstopdf on the fly (HO)

("C:\Users\bhavesh\AppData\Local\Programs\MiKTeX 2.9\tex\latex\oberdiek\epstopd
f-base.sty"
Package: epstopdf-base 2010/02/09 v2.5 Base part for package epstopdf

("C:\Users\bhavesh\AppData\Local\Programs\MiKTeX 2.9\tex\generic\oberdiek\infwa
rerr.sty"
Package: infwarerr 2010/04/08 v1.3 Providing info/warning/error messages (HO)
)
("C:\Users\bhavesh\AppData\Local\Programs\MiKTeX 2.9\tex\latex\oberdiek\grfext.
sty"
Package: grfext 2010/08/19 v1.1 Manage graphics extensions (HO)

("C:\Users\bhavesh\AppData\Local\Programs\MiKTeX 2.9\tex\generic\oberdiek\kvdef
inekeys.sty"
Package: kvdefinekeys 2011/04/07 v1.3 Define keys (HO)

("C:\Users\bhavesh\AppData\Local\Programs\MiKTeX 2.9\tex\generic\oberdiek\ltxcm
ds.sty"
Package: ltxcmds 2011/11/09 v1.22 LaTeX kernel commands for general use (HO)
)))
("C:\Users\bhavesh\AppData\Local\Programs\MiKTeX 2.9\tex\latex\oberdiek\kvoptio
ns.sty"
Package: kvoptions 2011/06/30 v3.11 Key value format for package options (HO)

("C:\Users\bhavesh\AppData\Local\Programs\MiKTeX 2.9\tex\latex\graphics\keyval.
sty"
Package: keyval 2014/10/28 v1.15 key=value parser (DPC)
\KV@toks@=\toks14
)
("C:\Users\bhavesh\AppData\Local\Programs\MiKTeX 2.9\tex\generic\oberdiek\kvset
keys.sty"
Package: kvsetkeys 2012/04/25 v1.16 Key value parser (HO)

("C:\Users\bhavesh\AppData\Local\Programs\MiKTeX 2.9\tex\generic\oberdiek\etexc
mds.sty"
Package: etexcmds 2011/02/16 v1.5 Avoid name clashes with e-TeX commands (HO)

("C:\Users\bhavesh\AppData\Local\Programs\MiKTeX 2.9\tex\generic\oberdiek\iflua
tex.sty"
Package: ifluatex 2010/03/01 v1.3 Provides the ifluatex switch (HO)
Package ifluatex Info: LuaTeX not detected.
)
Package etexcmds Info: Could not find \expanded.
(etexcmds)             That can mean that you are not using pdfTeX 1.50 or
(etexcmds)             that some package has redefined \expanded.
(etexcmds)             In the latter case, load this package earlier.
)))
("C:\Users\bhavesh\AppData\Local\Programs\MiKTeX 2.9\tex\generic\oberdiek\pdfte
xcmds.sty"
Package: pdftexcmds 2011/11/29 v0.20 Utility functions of pdfTeX for LuaTeX (HO
)

("C:\Users\bhavesh\AppData\Local\Programs\MiKTeX 2.9\tex\generic\oberdiek\ifpdf
.sty"
Package: ifpdf 2011/01/30 v2.3 Provides the ifpdf switch (HO)
Package ifpdf Info: pdfTeX in PDF mode is detected.
)
Package pdftexcmds Info: LuaTeX not detected.
Package pdftexcmds Info: \pdf@primitive is available.
Package pdftexcmds Info: \pdf@ifprimitive is available.
Package pdftexcmds Info: \pdfdraftmode found.
)

Package epstopdf Warning: No graphics package `graphic{s,x}' loaded.

))
("C:\Users\bhavesh\AppData\Local\Programs\MiKTeX 2.9\tex\latex\amsmath\amsmath.
sty"
Package: amsmath 2013/01/14 v2.14 AMS math features
\@mathmargin=\skip43

For additional information on amsmath, use the `?' option.

("C:\Users\bhavesh\AppData\Local\Programs\MiKTeX 2.9\tex\latex\amsmath\amstext.
sty"
Package: amstext 2000/06/29 v2.01

("C:\Users\bhavesh\AppData\Local\Programs\MiKTeX 2.9\tex\latex\amsmath\amsgen.s
ty"
File: amsgen.sty 1999/11/30 v2.0
\@emptytoks=\toks15
\ex@=\dimen103
))
("C:\Users\bhavesh\AppData\Local\Programs\MiKTeX 2.9\tex\latex\amsmath\amsbsy.s
ty"
Package: amsbsy 1999/11/29 v1.2d
\pmbraise@=\dimen104
)
("C:\Users\bhavesh\AppData\Local\Programs\MiKTeX 2.9\tex\latex\amsmath\amsopn.s
ty"
Package: amsopn 1999/12/14 v2.01 operator names
)
\inf@bad=\count87
LaTeX Info: Redefining \frac on input line 210.
\uproot@=\count88
\leftroot@=\count89
LaTeX Info: Redefining \overline on input line 306.
\classnum@=\count90
\DOTSCASE@=\count91
LaTeX Info: Redefining \ldots on input line 378.
LaTeX Info: Redefining \dots on input line 381.
LaTeX Info: Redefining \cdots on input line 466.
\Mathstrutbox@=\box26
\strutbox@=\box27
\big@size=\dimen105
LaTeX Font Info:    Redeclaring font encoding OML on input line 566.
LaTeX Font Info:    Redeclaring font encoding OMS on input line 567.
\macc@depth=\count92
\c@MaxMatrixCols=\count93
\dotsspace@=\muskip10
\c@parentequation=\count94
\dspbrk@lvl=\count95
\tag@help=\toks16
\row@=\count96
\column@=\count97
\maxfields@=\count98
\andhelp@=\toks17
\eqnshift@=\dimen106
\alignsep@=\dimen107
\tagshift@=\dimen108
\tagwidth@=\dimen109
\totwidth@=\dimen110
\lineht@=\dimen111
\@envbody=\toks18
\multlinegap=\skip44
\multlinetaggap=\skip45
\mathdisplay@stack=\toks19
LaTeX Info: Redefining \[ on input line 2665.
LaTeX Info: Redefining \] on input line 2666.
)
("C:\Users\bhavesh\AppData\Local\Programs\MiKTeX 2.9\tex\latex\epsf\epsf.sty"
This is `epsf.tex' v2.7.4 <14 February 2011>
\epsffilein=\read1
\epsfframemargin=\dimen112
\epsfframethickness=\dimen113
\epsfrsize=\dimen114
\epsftmp=\dimen115
\epsftsize=\dimen116
\epsfxsize=\dimen117
\epsfysize=\dimen118
\pspoints=\dimen119
)
("C:\Users\bhavesh\AppData\Local\Programs\MiKTeX 2.9\tex\latex\amsfonts\amsfont
s.sty"
Package: amsfonts 2013/01/14 v3.01 Basic AMSFonts support
\symAMSa=\mathgroup4
\symAMSb=\mathgroup5
LaTeX Font Info:    Overwriting math alphabet `\mathfrak' in version `bold'
(Font)                  U/euf/m/n --> U/euf/b/n on input line 106.
)
("C:\Users\bhavesh\AppData\Local\Programs\MiKTeX 2.9\tex\latex\amsfonts\amssymb
.sty"
Package: amssymb 2013/01/14 v3.01 AMS font symbols
)
("C:\Users\bhavesh\AppData\Local\Programs\MiKTeX 2.9\tex\latex\graphics\color.s
ty"
Package: color 2014/10/28 v1.1a Standard LaTeX Color (DPC)

("C:\Users\bhavesh\AppData\Local\Programs\MiKTeX 2.9\tex\latex\00miktex\color.c
fg"
File: color.cfg 2007/01/18 v1.5 color configuration of teTeX/TeXLive
)
Package color Info: Driver file: pdftex.def on input line 142.

("C:\Users\bhavesh\AppData\Local\Programs\MiKTeX 2.9\tex\latex\pdftex-def\pdfte
x.def"
File: pdftex.def 2011/05/27 v0.06d Graphics/color for pdfTeX
\Gread@gobject=\count99
))
("C:\Users\bhavesh\AppData\Local\Programs\MiKTeX 2.9\tex\latex\mathtools\mathto
ols.sty"
Package: mathtools 2015/11/12 v1.18 mathematical typesetting tools

("C:\Users\bhavesh\AppData\Local\Programs\MiKTeX 2.9\tex\latex\tools\calc.sty"
Package: calc 2014/10/28 v4.3 Infix arithmetic (KKT,FJ)
\calc@Acount=\count100
\calc@Bcount=\count101
\calc@Adimen=\dimen120
\calc@Bdimen=\dimen121
\calc@Askip=\skip46
\calc@Bskip=\skip47
LaTeX Info: Redefining \setlength on input line 80.
LaTeX Info: Redefining \addtolength on input line 81.
\calc@Ccount=\count102
\calc@Cskip=\skip48
)
("C:\Users\bhavesh\AppData\Local\Programs\MiKTeX 2.9\tex\latex\mathtools\mhsetu
p.sty"
Package: mhsetup 2010/01/21 v1.2a programming setup (MH)
)
LaTeX Info: Thecontrolsequence`\('isalreadyrobust on input line 129.
LaTeX Info: Thecontrolsequence`\)'isalreadyrobust on input line 129.
LaTeX Info: Thecontrolsequence`\['isalreadyrobust on input line 129.
LaTeX Info: Thecontrolsequence`\]'isalreadyrobust on input line 129.
\g_MT_multlinerow_int=\count103
\l_MT_multwidth_dim=\dimen122
\origjot=\skip49
\l_MT_shortvdotswithinadjustabove_dim=\dimen123
\l_MT_shortvdotswithinadjustbelow_dim=\dimen124
\l_MT_above_intertext_sep=\dimen125
\l_MT_below_intertext_sep=\dimen126
\l_MT_above_shortintertext_sep=\dimen127
\l_MT_below_shortintertext_sep=\dimen128
)
("C:\Users\bhavesh\AppData\Local\Programs\MiKTeX 2.9\tex\latex\placeins\placein
s.sty"
Package: placeins 2005/04/18  v 2.2
)
("C:\Users\bhavesh\AppData\Local\Programs\MiKTeX 2.9\tex\latex\booktabs\booktab
s.sty"
Package: booktabs 2005/04/14 v1.61803 publication quality tables
\heavyrulewidth=\dimen129
\lightrulewidth=\dimen130
\cmidrulewidth=\dimen131
\belowrulesep=\dimen132
\belowbottomsep=\dimen133
\aboverulesep=\dimen134
\abovetopsep=\dimen135
\cmidrulesep=\dimen136
\cmidrulekern=\dimen137
\defaultaddspace=\dimen138
\@cmidla=\count104
\@cmidlb=\count105
\@aboverulesep=\dimen139
\@belowrulesep=\dimen140
\@thisruleclass=\count106
\@lastruleclass=\count107
\@thisrulewidth=\dimen141
)
("C:\Users\bhavesh\AppData\Local\Programs\MiKTeX 2.9\tex\latex\enumitem\enumite
m.sty"
Package: enumitem 2011/09/28 v3.5.2 Customized lists
\labelindent=\skip50
\enit@outerparindent=\dimen142
\enit@toks=\toks20
\enit@inbox=\box28
\enitdp@description=\count108
)
("C:\Users\bhavesh\AppData\Local\Programs\MiKTeX 2.9\tex\latex\caption\caption.
sty"
Package: caption 2016/02/21 v3.3-144 Customizing captions (AR)

("C:\Users\bhavesh\AppData\Local\Programs\MiKTeX 2.9\tex\latex\caption\caption3
.sty"
Package: caption3 2016/02/04 v1.7-139 caption3 kernel (AR)
Package caption3 Info: TeX engine: e-TeX on input line 67.
\captionmargin=\dimen143
\captionmargin@=\dimen144
\captionwidth=\dimen145
\caption@tempdima=\dimen146
\caption@indent=\dimen147
\caption@parindent=\dimen148
\caption@hangindent=\dimen149
)
\c@ContinuedFloat=\count109
)
("C:\Users\bhavesh\AppData\Local\Programs\MiKTeX 2.9\tex\latex\geometry\geometr
y.sty"
Package: geometry 2010/09/12 v5.6 Page Geometry

("C:\Users\bhavesh\AppData\Local\Programs\MiKTeX 2.9\tex\generic\oberdiek\ifvte
x.sty"
Package: ifvtex 2010/03/01 v1.5 Detect VTeX and its facilities (HO)
Package ifvtex Info: VTeX not detected.
)
("C:\Users\bhavesh\AppData\Local\Programs\MiKTeX 2.9\tex\generic\ifxetex\ifxete
x.sty"
Package: ifxetex 2010/09/12 v0.6 Provides ifxetex conditional
)
\Gm@cnth=\count110
\Gm@cntv=\count111
\c@Gm@tempcnt=\count112
\Gm@bindingoffset=\dimen150
\Gm@wd@mp=\dimen151
\Gm@odd@mp=\dimen152
\Gm@even@mp=\dimen153
\Gm@layoutwidth=\dimen154
\Gm@layoutheight=\dimen155
\Gm@layouthoffset=\dimen156
\Gm@layoutvoffset=\dimen157
\Gm@dimlist=\toks21

("C:\Users\bhavesh\AppData\Local\Programs\MiKTeX 2.9\tex\latex\geometry\geometr
y.cfg"))
("C:\Users\bhavesh\AppData\Local\Programs\MiKTeX 2.9\tex\latex\preprint\authblk
.sty"
Package: authblk 2001/02/27 1.3 (PWD)
\affilsep=\skip51
\@affilsep=\skip52
\c@Maxaffil=\count113
\c@authors=\count114
\c@affil=\count115
)
("C:\Users\bhavesh\AppData\Local\Programs\MiKTeX 2.9\tex\latex\listings\listing
s.sty"
\lst@mode=\count116
\lst@gtempboxa=\box29
\lst@token=\toks22
\lst@length=\count117
\lst@currlwidth=\dimen158
\lst@column=\count118
\lst@pos=\count119
\lst@lostspace=\dimen159
\lst@width=\dimen160
\lst@newlines=\count120
\lst@lineno=\count121
\lst@maxwidth=\dimen161

("C:\Users\bhavesh\AppData\Local\Programs\MiKTeX 2.9\tex\latex\listings\lstmisc
.sty"
File: lstmisc.sty 2015/06/04 1.6 (Carsten Heinz)
\c@lstnumber=\count122
\lst@skipnumbers=\count123
\lst@framebox=\box30
)
("C:\Users\bhavesh\AppData\Local\Programs\MiKTeX 2.9\tex\latex\listings\listing
s.cfg"
File: listings.cfg 2015/06/04 1.6 listings configuration
))
Package: listings 2015/06/04 1.6 (Carsten Heinz)

("C:\Users\bhavesh\AppData\Local\Programs\MiKTeX 2.9\tex\latex\tools\array.sty"
Package: array 2014/10/28 v2.4c Tabular extension package (FMi)
\col@sep=\dimen162
\extrarowheight=\dimen163
\NC@list=\toks23
\extratabsurround=\skip53
\backup@length=\skip54
)
("C:\Users\bhavesh\AppData\Local\Programs\MiKTeX 2.9\tex\latex\titlesec\titlese
c.sty"
Package: titlesec 2016/03/21 v2.10.2 Sectioning titles
\ttl@box=\box31
\beforetitleunit=\skip55
\aftertitleunit=\skip56
\ttl@plus=\dimen164
\ttl@minus=\dimen165
\ttl@toksa=\toks24
\titlewidth=\dimen166
\titlewidthlast=\dimen167
\titlewidthfirst=\dimen168
)
("C:\Users\bhavesh\AppData\Local\Programs\MiKTeX 2.9\tex\latex\tools\bm.sty"
Package: bm 2014/10/28 v1.1c Bold Symbol Support (DPC/FMi)
\symboldoperators=\mathgroup6
\symboldletters=\mathgroup7
\symboldsymbols=\mathgroup8
LaTeX Font Info:    Redeclaring math alphabet \mathbf on input line 141.
LaTeX Info: Redefining \bm on input line 207.
)
("C:\Users\bhavesh\AppData\Local\Programs\MiKTeX 2.9\tex\latex\mathtools\empheq
.sty"
Package: empheq 2014/07/16 v2.14 Emphasizing equations
\l_EQ_equationtype_int=\count124
\l_EQ_alignmentmode_int=\count125
\l_EQ_totalwidth_dim=\dimen169
\l_EQ_displaywidth_dim=\dimen170
\l_EQ_temp_linewidth_dim=\dimen171
\EmphEqdelimitershortfall=\dimen172
\EmphEqdelimiterfactor=\count126
\g_EQ_toptag_height_dim=\dimen173
\g_EQ_bottomtag_depth_dim=\dimen174
\g_EQ_toprow_height_dim=\dimen175
\g_EQ_bottomrow_depth_dim=\dimen176
\g_EQ_widesttag_dim=\dimen177
\EQ_mathdisplay_box=\box32
\EQ_tag_box=\box33
\g_EQ_temprow_int=\count127
)
("C:\Users\bhavesh\AppData\Local\Programs\MiKTeX 2.9\tex\latex\base\inputenc.st
y"
Package: inputenc 2015/03/17 v1.2c Input encoding file
\inpenc@prehook=\toks25
\inpenc@posthook=\toks26

("C:\Users\bhavesh\AppData\Local\Programs\MiKTeX 2.9\tex\latex\base\latin1.def"
File: latin1.def 2015/03/17 v1.2c Input encoding file
))
("C:\Users\bhavesh\AppData\Local\Programs\MiKTeX 2.9\tex\latex\graphics\graphic
x.sty"
Package: graphicx 2014/10/28 v1.0g Enhanced LaTeX Graphics (DPC,SPQR)

("C:\Users\bhavesh\AppData\Local\Programs\MiKTeX 2.9\tex\latex\graphics\graphic
s.sty"
Package: graphics 2014/10/28 v1.0p Standard LaTeX Graphics (DPC,SPQR)

("C:\Users\bhavesh\AppData\Local\Programs\MiKTeX 2.9\tex\latex\graphics\trig.st
y"
Package: trig 1999/03/16 v1.09 sin cos tan (DPC)
)
("C:\Users\bhavesh\AppData\Local\Programs\MiKTeX 2.9\tex\latex\00miktex\graphic
s.cfg"
File: graphics.cfg 2007/01/18 v1.5 graphics configuration of teTeX/TeXLive
)
Package graphics Info: Driver file: pdftex.def on input line 94.
)
\Gin@req@height=\dimen178
\Gin@req@width=\dimen179
)
("C:\Users\bhavesh\AppData\Local\Programs\MiKTeX 2.9\tex\latex\caption\subcapti
on.sty"
Package: subcaption 2016/02/20 v1.1-142 Sub-captions (AR)
\c@subfigure=\count128
\c@subtable=\count129
)) (Final.aux)
\openout1 = `Final.aux'.

LaTeX Font Info:    Checking defaults for OML/cmm/m/it on input line 6.
LaTeX Font Info:    ... okay on input line 6.
LaTeX Font Info:    Checking defaults for T1/cmr/m/n on input line 6.
LaTeX Font Info:    ... okay on input line 6.
LaTeX Font Info:    Checking defaults for OT1/cmr/m/n on input line 6.
LaTeX Font Info:    ... okay on input line 6.
LaTeX Font Info:    Checking defaults for OMS/cmsy/m/n on input line 6.
LaTeX Font Info:    ... okay on input line 6.
LaTeX Font Info:    Checking defaults for OMX/cmex/m/n on input line 6.
LaTeX Font Info:    ... okay on input line 6.
LaTeX Font Info:    Checking defaults for U/cmr/m/n on input line 6.
LaTeX Font Info:    ... okay on input line 6.

("C:\Users\bhavesh\AppData\Local\Programs\MiKTeX 2.9\tex\context\base\supp-pdf.
mkii"
[Loading MPS to PDF converter (version 2006.09.02).]
\scratchcounter=\count130
\scratchdimen=\dimen180
\scratchbox=\box34
\nofMPsegments=\count131
\nofMParguments=\count132
\everyMPshowfont=\toks27
\MPscratchCnt=\count133
\MPscratchDim=\dimen181
\MPnumerator=\count134
\makeMPintoPDFobject=\count135
\everyMPtoPDFconversion=\toks28
)
Package caption Info: Begin \AtBeginDocument code.
Package caption Info: listings package is loaded.
Package caption Info: End \AtBeginDocument code.

*geometry* driver: auto-detecting
*geometry* detected driver: pdftex
*geometry* verbose mode - [ preamble ] result:
* driver: pdftex
* paper: custom
* layout: <same size as paper>
* layoutoffset:(h,v)=(0.0pt,0.0pt)
* modes: 
* h-part:(L,W,R)=(50.58878pt, 513.11745pt, 50.58878pt)
* v-part:(T,H,B)=(50.58878pt, 693.79243pt, 50.58878pt)
* \paperwidth=614.295pt
* \paperheight=794.96999pt
* \textwidth=513.11745pt
* \textheight=693.79243pt
* \oddsidemargin=-21.68121pt
* \evensidemargin=-21.68121pt
* \topmargin=-58.68121pt
* \headheight=12.0pt
* \headsep=25.0pt
* \topskip=11.0pt
* \footskip=30.0pt
* \marginparwidth=59.0pt
* \marginparsep=10.0pt
* \columnsep=10.0pt
* \skip\footins=10.0pt plus 4.0pt minus 2.0pt
* \hoffset=0.0pt
* \voffset=0.0pt
* \mag=1000
* \@twocolumnfalse
* \@twosidefalse
* \@mparswitchfalse
* \@reversemarginfalse
* (1in=72.27pt=25.4mm, 1cm=28.453pt)

\c@lstlisting=\count136
\Hy@linkcounter=\count137
LaTeX Font Info:    Try loading font information for U+msa on input line 11.
("C:\Users\bhavesh\AppData\Local\Programs\MiKTeX 2.9\tex\latex\amsfonts\umsa.fd
"
File: umsa.fd 2013/01/14 v3.01 AMS symbols A
)
LaTeX Font Info:    Try loading font information for U+msb on input line 11.

("C:\Users\bhavesh\AppData\Local\Programs\MiKTeX 2.9\tex\latex\amsfonts\umsb.fd
"
File: umsb.fd 2013/01/14 v3.01 AMS symbols B
) [1

{C:/Users/bhavesh/AppData/Local/MiKTeX/2.9/pdftex/config/pdftex.map}]
[2] [3] [4]
Overfull \hbox (19.34767pt too wide) in paragraph at lines 570--570
[] 
 []

[5]
Underfull \hbox (badness 10000) in paragraph at lines 570--571

 []

<Figures/dis4ai.png, id=33, 1445.4pt x 725.71124pt>
File: Figures/dis4ai.png Graphic file (type png)
 <use Figures/dis4ai.png>
Package pdftex.def Info: Figures/dis4ai.png used on input line 580.
(pdftex.def)             Requested size: 252.92673pt x 289.08342pt.

<Figures/dis4aii.png, id=34, 1445.4pt x 725.71124pt>
File: Figures/dis4aii.png Graphic file (type png)
 <use Figures/dis4aii.png>
Package pdftex.def Info: Figures/dis4aii.png used on input line 586.
(pdftex.def)             Requested size: 252.92673pt x 289.08342pt.

<Figures/vel4ai.png, id=35, 1445.4pt x 725.71124pt>
File: Figures/vel4ai.png Graphic file (type png)
 <use Figures/vel4ai.png>
Package pdftex.def Info: Figures/vel4ai.png used on input line 597.
(pdftex.def)             Requested size: 252.92673pt x 289.08342pt.

<Figures/vel4aii.png, id=36, 1445.4pt x 725.71124pt>
File: Figures/vel4aii.png Graphic file (type png)
 <use Figures/vel4aii.png>
Package pdftex.def Info: Figures/vel4aii.png used on input line 603.
(pdftex.def)             Requested size: 252.92673pt x 289.08342pt.

<Figures/stresst4ai.png, id=37, 1445.4pt x 725.71124pt>
File: Figures/stresst4ai.png Graphic file (type png)

<use Figures/stresst4ai.png>
Package pdftex.def Info: Figures/stresst4ai.png used on input line 614.
(pdftex.def)             Requested size: 252.92673pt x 289.08342pt.

<Figures/stresst4aii.png, id=38, 1445.4pt x 725.71124pt>
File: Figures/stresst4aii.png Graphic file (type png)

<use Figures/stresst4aii.png>
Package pdftex.def Info: Figures/stresst4aii.png used on input line 620.
(pdftex.def)             Requested size: 252.92673pt x 289.08342pt.
LaTeX Font Info:    Try loading font information for OMS+cmr on input line 630.


("C:\Users\bhavesh\AppData\Local\Programs\MiKTeX 2.9\tex\latex\base\omscmr.fd"
File: omscmr.fd 2014/09/29 v2.5h Standard LaTeX font definitions
)
LaTeX Font Info:    Font shape `OMS/cmr/m/n' in size <10.95> not available
(Font)              Font shape `OMS/cmsy/m/n' tried instead on input line 630.
[6 <./Figures/dis4ai.png (PNG copy)> <./Figures/dis4aii.png (PNG copy)>]
[7 <./Figures/vel4ai.png (PNG copy)> <./Figures/vel4aii.png (PNG copy)> <./Figu
res/stresst4ai.png (PNG copy)> <./Figures/stresst4aii.png (PNG copy)>]
Underfull \hbox (badness 10000) in paragraph at lines 635--636

 []

<Figures/dis4ci.png, id=46, 1445.4pt x 725.71124pt>
File: Figures/dis4ci.png Graphic file (type png)
 <use Figures/dis4ci.png>
Package pdftex.def Info: Figures/dis4ci.png used on input line 643.
(pdftex.def)             Requested size: 252.92673pt x 289.08342pt.

<Figures/dis4cii.png, id=47, 1445.4pt x 725.71124pt>
File: Figures/dis4cii.png Graphic file (type png)
 <use Figures/dis4cii.png>
Package pdftex.def Info: Figures/dis4cii.png used on input line 649.
(pdftex.def)             Requested size: 252.92673pt x 289.08342pt.

<Figures/vel4ci.png, id=48, 1445.4pt x 725.71124pt>
File: Figures/vel4ci.png Graphic file (type png)
 <use Figures/vel4ci.png>
Package pdftex.def Info: Figures/vel4ci.png used on input line 660.
(pdftex.def)             Requested size: 252.92673pt x 289.08342pt.

<Figures/vel4cii.png, id=49, 1445.4pt x 725.71124pt>
File: Figures/vel4cii.png Graphic file (type png)
 <use Figures/vel4cii.png>
Package pdftex.def Info: Figures/vel4cii.png used on input line 666.
(pdftex.def)             Requested size: 252.92673pt x 289.08342pt.

<Figures/stresst4ci.png, id=50, 1445.4pt x 725.71124pt>
File: Figures/stresst4ci.png Graphic file (type png)

<use Figures/stresst4ci.png>
Package pdftex.def Info: Figures/stresst4ci.png used on input line 677.
(pdftex.def)             Requested size: 252.92673pt x 289.08342pt.

<Figures/stresst4cii.png, id=51, 1445.4pt x 725.71124pt>
File: Figures/stresst4cii.png Graphic file (type png)

<use Figures/stresst4cii.png>
Package pdftex.def Info: Figures/stresst4cii.png used on input line 683.
(pdftex.def)             Requested size: 252.92673pt x 289.08342pt.
File: Figures/dis4aii.png Graphic file (type png)
 <use Figures/dis4aii.png>
Package pdftex.def Info: Figures/dis4aii.png used on input line 694.
(pdftex.def)             Requested size: 252.92673pt x 289.08342pt.

<Figures/dis4aii_dt2.png, id=52, 1445.4pt x 725.71124pt>
File: Figures/dis4aii_dt2.png Graphic file (type png)

<use Figures/dis4aii_dt2.png>
Package pdftex.def Info: Figures/dis4aii_dt2.png used on input line 700.
(pdftex.def)             Requested size: 252.92673pt x 289.08342pt.
File: Figures/dis4cii.png Graphic file (type png)
 <use Figures/dis4cii.png>
Package pdftex.def Info: Figures/dis4cii.png used on input line 710.
(pdftex.def)             Requested size: 252.92673pt x 289.08342pt.

<Figures/dis4ciidt2.png, id=53, 1445.4pt x 725.71124pt>
File: Figures/dis4ciidt2.png Graphic file (type png)

<use Figures/dis4ciidt2.png>
Package pdftex.def Info: Figures/dis4ciidt2.png used on input line 716.
(pdftex.def)             Requested size: 252.92673pt x 289.08342pt.
File: Figures/vel4aii.png Graphic file (type png)
 <use Figures/vel4aii.png>
Package pdftex.def Info: Figures/vel4aii.png used on input line 726.
(pdftex.def)             Requested size: 252.92673pt x 289.08342pt.

<Figures/vel4aii_dt2.png, id=54, 1445.4pt x 725.71124pt>
File: Figures/vel4aii_dt2.png Graphic file (type png)

<use Figures/vel4aii_dt2.png>
Package pdftex.def Info: Figures/vel4aii_dt2.png used on input line 732.
(pdftex.def)             Requested size: 252.92673pt x 289.08342pt.
File: Figures/vel4cii.png Graphic file (type png)
 <use Figures/vel4cii.png>
Package pdftex.def Info: Figures/vel4cii.png used on input line 742.
(pdftex.def)             Requested size: 252.92673pt x 289.08342pt.

<Figures/vel4ciidt2.png, id=55, 1445.4pt x 725.71124pt>
File: Figures/vel4ciidt2.png Graphic file (type png)

<use Figures/vel4ciidt2.png>
Package pdftex.def Info: Figures/vel4ciidt2.png used on input line 748.
(pdftex.def)             Requested size: 252.92673pt x 289.08342pt.
File: Figures/stresst4aii.png Graphic file (type png)
 <use Figures/stresst4aii.png>
Package pdftex.def Info: Figures/stresst4aii.png used on input line 758.
(pdftex.def)             Requested size: 252.92673pt x 289.08342pt.

<Figures/stresst4aii_dt2.png, id=56, 1445.4pt x 725.71124pt>
File: Figures/stresst4aii_dt2.png Graphic file (type png)

<use Figures/stresst4aii_dt2.png>
Package pdftex.def Info: Figures/stresst4aii_dt2.png used on input line 764.
(pdftex.def)             Requested size: 252.92673pt x 289.08342pt.
File: Figures/stresst4cii.png Graphic file (type png)
 <use Figures/stresst4cii.png>
Package pdftex.def Info: Figures/stresst4cii.png used on input line 774.
(pdftex.def)             Requested size: 252.92673pt x 289.08342pt.

<Figures/stresst4cii_dt2.png, id=57, 1445.4pt x 725.71124pt>
File: Figures/stresst4cii_dt2.png Graphic file (type png)

<use Figures/stresst4cii_dt2.png>
Package pdftex.def Info: Figures/stresst4cii_dt2.png used on input line 780.
(pdftex.def)             Requested size: 252.92673pt x 289.08342pt.
 [8 <./Figures/dis4ci.png (PNG copy)> <./Figures/dis4cii.png (PNG copy)>] [9 <.
/Figures/vel4ci.png (PNG copy)> <./Figures/vel4cii.png (PNG copy)> <./Figures/s
tresst4ci.png (PNG copy)> <./Figures/stresst4cii.png (PNG copy)>] [10 <./Figure
s/dis4aii_dt2.png (PNG copy)> <./Figures/dis4ciidt2.png (PNG copy)>] [11 <./Fig
ures/vel4aii_dt2.png (PNG copy)> <./Figures/vel4ciidt2.png (PNG copy)>] [12 <./
Figures/stresst4aii_dt2.png (PNG copy)> <./Figures/stresst4cii_dt2.png (PNG cop
y)>]
<Figures/stressstrain4ai.png, id=73, 1445.4pt x 725.71124pt>
File: Figures/stressstrain4ai.png Graphic file (type png)

<use Figures/stressstrain4ai.png>
Package pdftex.def Info: Figures/stressstrain4ai.png used on input line 799.
(pdftex.def)             Requested size: 252.92673pt x 252.93968pt.

<Figures/stressstrain4aii.png, id=74, 1445.4pt x 725.71124pt>
File: Figures/stressstrain4aii.png Graphic file (type png)

<use Figures/stressstrain4aii.png>
Package pdftex.def Info: Figures/stressstrain4aii.png used on input line 805.
(pdftex.def)             Requested size: 252.92673pt x 252.93968pt.

<Figures/stressstrain4ci.png, id=75, 1445.4pt x 725.71124pt>
File: Figures/stressstrain4ci.png Graphic file (type png)

<use Figures/stressstrain4ci.png>
Package pdftex.def Info: Figures/stressstrain4ci.png used on input line 816.
(pdftex.def)             Requested size: 252.92673pt x 252.93968pt.

<Figures/stressstrain4cii.png, id=76, 1445.4pt x 725.71124pt>
File: Figures/stressstrain4cii.png Graphic file (type png)

<use Figures/stressstrain4cii.png>
Package pdftex.def Info: Figures/stressstrain4cii.png used on input line 822.
(pdftex.def)             Requested size: 252.92673pt x 252.93968pt.
File: Figures/stressstrain4aii.png Graphic file (type png)
 <use Figures/stressstrain4aii.png>
Package pdftex.def Info: Figures/stressstrain4aii.png used on input line 833.
(pdftex.def)             Requested size: 252.92673pt x 289.08342pt.

<Figures/stressstrain4aii_dt2.png, id=77, 1445.4pt x 725.71124pt>
File: Figures/stressstrain4aii_dt2.png Graphic file (type png)

<use Figures/stressstrain4aii_dt2.png>
Package pdftex.def Info: Figures/stressstrain4aii_dt2.png used on input line 83
9.
(pdftex.def)             Requested size: 252.92673pt x 289.08342pt.
File: Figures/stressstrain4cii.png Graphic file (type png)
 <use Figures/stressstrain4cii.png>
Package pdftex.def Info: Figures/stressstrain4cii.png used on input line 849.
(pdftex.def)             Requested size: 252.92673pt x 289.08342pt.

<Figures/stressstrain4cii_dt2.png, id=78, 1445.4pt x 725.71124pt>
File: Figures/stressstrain4cii_dt2.png Graphic file (type png)

<use Figures/stressstrain4cii_dt2.png>
Package pdftex.def Info: Figures/stressstrain4cii_dt2.png used on input line 85
5.
(pdftex.def)             Requested size: 252.92673pt x 289.08342pt.
 [13 <./Figures/stressstrain4ai.png (PNG copy)> <./Figures/stressstrain4aii.png
 (PNG copy)>] [14 <./Figures/stressstrain4ci.png (PNG copy)> <./Figures/stresss
train4cii.png (PNG copy)> <./Figures/stressstrain4aii_dt2.png (PNG copy)>] [15 
<./Figures/stressstrain4cii_dt2.png (PNG copy)>] (Final.aux)

LaTeX Warning: Label(s) may have changed. Rerun to get cross-references right.

 ) 
Here is how much of TeX's memory you used:
 7218 strings out of 493634
 110756 string characters out of 3134424
 192374 words of memory out of 3000000
 10444 multiletter control sequences out of 15000+200000
 19536 words of font info for 72 fonts, out of 3000000 for 9000
 1025 hyphenation exceptions out of 8191
 44i,24n,39p,338b,525s stack positions out of 5000i,500n,10000p,200000b,50000s
<C:/Users/bhavesh/AppData/Local/Programs/MiKTeX 2.9/fonts/type1/public/amsfon
ts/cm/cmbx10.pfb><C:/Users/bhavesh/AppData/Local/Programs/MiKTeX 2.9/fonts/type
1/public/amsfonts/cm/cmbx12.pfb><C:/Users/bhavesh/AppData/Local/Programs/MiKTeX
 2.9/fonts/type1/public/amsfonts/cm/cmbx8.pfb><C:/Users/bhavesh/AppData/Local/P
rograms/MiKTeX 2.9/fonts/type1/public/amsfonts/cm/cmex10.pfb><C:/Users/bhavesh/
AppData/Local/Programs/MiKTeX 2.9/fonts/type1/public/amsfonts/cm/cmmi10.pfb><C:
/Users/bhavesh/AppData/Local/Programs/MiKTeX 2.9/fonts/type1/public/amsfonts/cm
/cmmi6.pfb><C:/Users/bhavesh/AppData/Local/Programs/MiKTeX 2.9/fonts/type1/publ
ic/amsfonts/cm/cmmi8.pfb><C:/Users/bhavesh/AppData/Local/Programs/MiKTeX 2.9/fo
nts/type1/public/amsfonts/cm/cmmib10.pfb><C:/Users/bhavesh/AppData/Local/Progra
ms/MiKTeX 2.9/fonts/type1/public/amsfonts/cmextra/cmmib8.pfb><C:/Users/bhavesh/
AppData/Local/Programs/MiKTeX 2.9/fonts/type1/public/amsfonts/cm/cmr10.pfb><C:/
Users/bhavesh/AppData/Local/Programs/MiKTeX 2.9/fonts/type1/public/amsfonts/cm/
cmr12.pfb><C:/Users/bhavesh/AppData/Local/Programs/MiKTeX 2.9/fonts/type1/publi
c/amsfonts/cm/cmr6.pfb><C:/Users/bhavesh/AppData/Local/Programs/MiKTeX 2.9/font
s/type1/public/amsfonts/cm/cmr8.pfb><C:/Users/bhavesh/AppData/Local/Programs/Mi
KTeX 2.9/fonts/type1/public/amsfonts/cm/cmsy10.pfb><C:/Users/bhavesh/AppData/Lo
cal/Programs/MiKTeX 2.9/fonts/type1/public/amsfonts/cm/cmsy8.pfb><C:/Users/bhav
esh/AppData/Local/Programs/MiKTeX 2.9/fonts/type1/public/amsfonts/cm/cmti10.pfb
><C:/Users/bhavesh/AppData/Local/Programs/MiKTeX 2.9/fonts/type1/public/amsfont
s/symbols/msbm10.pfb>
Output written on Final.pdf (15 pages, 1463313 bytes).
PDF statistics:
 143 PDF objects out of 1000 (max. 8388607)
 0 named destinations out of 1000 (max. 500000)
 121 words of extra memory for PDF output out of 10000 (max. 10000000)

