This is pdfTeX, Version 3.14159265-2.6-1.40.16 (MiKTeX 2.9 64-bit) (preloaded format=pdflatex 2016.3.9)  1 DEC 2016 15:07
entering extended mode
**./HW5.tex
(HW5.tex
LaTeX2e <2015/10/01> patch level 2
Babel <3.9n> and hyphenation patterns for 69 languages loaded.
(commands.tex

LaTeX Warning: You have requested package `',
               but the package provides `commands'.

Package: commands 
("C:\Users\bhavesh\AppData\Local\Programs\MiKTeX 2.9\tex\latex\base\article.cls
"
Document Class: article 2014/09/29 v1.4h Standard LaTeX document class
("C:\Users\bhavesh\AppData\Local\Programs\MiKTeX 2.9\tex\latex\base\size11.clo"
File: size11.clo 2014/09/29 v1.4h Standard LaTeX file (size option)
)
\c@part=\count79
\c@section=\count80
\c@subsection=\count81
\c@subsubsection=\count82
\c@paragraph=\count83
\c@subparagraph=\count84
\c@figure=\count85
\c@table=\count86
\abovecaptionskip=\skip41
\belowcaptionskip=\skip42
\bibindent=\dimen102
)
("C:\Users\bhavesh\AppData\Local\Programs\MiKTeX 2.9\tex\latex\oberdiek\epstopd
f.sty"
Package: epstopdf 2010/02/09 v2.5 Conversion with epstopdf on the fly (HO)

("C:\Users\bhavesh\AppData\Local\Programs\MiKTeX 2.9\tex\latex\oberdiek\epstopd
f-base.sty"
Package: epstopdf-base 2010/02/09 v2.5 Base part for package epstopdf

("C:\Users\bhavesh\AppData\Local\Programs\MiKTeX 2.9\tex\generic\oberdiek\infwa
rerr.sty"
Package: infwarerr 2010/04/08 v1.3 Providing info/warning/error messages (HO)
)
("C:\Users\bhavesh\AppData\Local\Programs\MiKTeX 2.9\tex\latex\oberdiek\grfext.
sty"
Package: grfext 2010/08/19 v1.1 Manage graphics extensions (HO)

("C:\Users\bhavesh\AppData\Local\Programs\MiKTeX 2.9\tex\generic\oberdiek\kvdef
inekeys.sty"
Package: kvdefinekeys 2011/04/07 v1.3 Define keys (HO)

("C:\Users\bhavesh\AppData\Local\Programs\MiKTeX 2.9\tex\generic\oberdiek\ltxcm
ds.sty"
Package: ltxcmds 2011/11/09 v1.22 LaTeX kernel commands for general use (HO)
)))
("C:\Users\bhavesh\AppData\Local\Programs\MiKTeX 2.9\tex\latex\oberdiek\kvoptio
ns.sty"
Package: kvoptions 2011/06/30 v3.11 Key value format for package options (HO)

("C:\Users\bhavesh\AppData\Local\Programs\MiKTeX 2.9\tex\latex\graphics\keyval.
sty"
Package: keyval 2014/10/28 v1.15 key=value parser (DPC)
\KV@toks@=\toks14
)
("C:\Users\bhavesh\AppData\Local\Programs\MiKTeX 2.9\tex\generic\oberdiek\kvset
keys.sty"
Package: kvsetkeys 2012/04/25 v1.16 Key value parser (HO)

("C:\Users\bhavesh\AppData\Local\Programs\MiKTeX 2.9\tex\generic\oberdiek\etexc
mds.sty"
Package: etexcmds 2011/02/16 v1.5 Avoid name clashes with e-TeX commands (HO)

("C:\Users\bhavesh\AppData\Local\Programs\MiKTeX 2.9\tex\generic\oberdiek\iflua
tex.sty"
Package: ifluatex 2010/03/01 v1.3 Provides the ifluatex switch (HO)
Package ifluatex Info: LuaTeX not detected.
)
Package etexcmds Info: Could not find \expanded.
(etexcmds)             That can mean that you are not using pdfTeX 1.50 or
(etexcmds)             that some package has redefined \expanded.
(etexcmds)             In the latter case, load this package earlier.
)))
("C:\Users\bhavesh\AppData\Local\Programs\MiKTeX 2.9\tex\generic\oberdiek\pdfte
xcmds.sty"
Package: pdftexcmds 2011/11/29 v0.20 Utility functions of pdfTeX for LuaTeX (HO
)

("C:\Users\bhavesh\AppData\Local\Programs\MiKTeX 2.9\tex\generic\oberdiek\ifpdf
.sty"
Package: ifpdf 2011/01/30 v2.3 Provides the ifpdf switch (HO)
Package ifpdf Info: pdfTeX in PDF mode is detected.
)
Package pdftexcmds Info: LuaTeX not detected.
Package pdftexcmds Info: \pdf@primitive is available.
Package pdftexcmds Info: \pdf@ifprimitive is available.
Package pdftexcmds Info: \pdfdraftmode found.
)

Package epstopdf Warning: No graphics package `graphic{s,x}' loaded.

))
("C:\Users\bhavesh\AppData\Local\Programs\MiKTeX 2.9\tex\latex\subfigure\subfig
ure.sty"
Package: subfigure 2002/07/30 v2.1.4 subfigure package
\subfigtopskip=\skip43
\subfigcapskip=\skip44
\subfigcaptopadj=\dimen103
\subfigbottomskip=\skip45
\subfigcapmargin=\dimen104
\subfiglabelskip=\skip46
\c@subfigure=\count87
\c@lofdepth=\count88
\c@subtable=\count89
\c@lotdepth=\count90

****************************************
* Local config file subfigure.cfg used *
****************************************

("C:\Users\bhavesh\AppData\Local\Programs\MiKTeX 2.9\tex\latex\subfigure\subfig
ure.cfg")
\subfig@top=\skip47
\subfig@bottom=\skip48
)
("C:\Users\bhavesh\AppData\Local\Programs\MiKTeX 2.9\tex\latex\graphics\graphic
x.sty"
Package: graphicx 2014/10/28 v1.0g Enhanced LaTeX Graphics (DPC,SPQR)

("C:\Users\bhavesh\AppData\Local\Programs\MiKTeX 2.9\tex\latex\graphics\graphic
s.sty"
Package: graphics 2014/10/28 v1.0p Standard LaTeX Graphics (DPC,SPQR)

("C:\Users\bhavesh\AppData\Local\Programs\MiKTeX 2.9\tex\latex\graphics\trig.st
y"
Package: trig 1999/03/16 v1.09 sin cos tan (DPC)
)
("C:\Users\bhavesh\AppData\Local\Programs\MiKTeX 2.9\tex\latex\00miktex\graphic
s.cfg"
File: graphics.cfg 2007/01/18 v1.5 graphics configuration of teTeX/TeXLive
)
Package graphics Info: Driver file: pdftex.def on input line 94.

("C:\Users\bhavesh\AppData\Local\Programs\MiKTeX 2.9\tex\latex\pdftex-def\pdfte
x.def"
File: pdftex.def 2011/05/27 v0.06d Graphics/color for pdfTeX
\Gread@gobject=\count91
))
\Gin@req@height=\dimen105
\Gin@req@width=\dimen106
)
("C:\Users\bhavesh\AppData\Local\Programs\MiKTeX 2.9\tex\latex\amsmath\amsmath.
sty"
Package: amsmath 2013/01/14 v2.14 AMS math features
\@mathmargin=\skip49

For additional information on amsmath, use the `?' option.

("C:\Users\bhavesh\AppData\Local\Programs\MiKTeX 2.9\tex\latex\amsmath\amstext.
sty"
Package: amstext 2000/06/29 v2.01

("C:\Users\bhavesh\AppData\Local\Programs\MiKTeX 2.9\tex\latex\amsmath\amsgen.s
ty"
File: amsgen.sty 1999/11/30 v2.0
\@emptytoks=\toks15
\ex@=\dimen107
))
("C:\Users\bhavesh\AppData\Local\Programs\MiKTeX 2.9\tex\latex\amsmath\amsbsy.s
ty"
Package: amsbsy 1999/11/29 v1.2d
\pmbraise@=\dimen108
)
("C:\Users\bhavesh\AppData\Local\Programs\MiKTeX 2.9\tex\latex\amsmath\amsopn.s
ty"
Package: amsopn 1999/12/14 v2.01 operator names
)
\inf@bad=\count92
LaTeX Info: Redefining \frac on input line 210.
\uproot@=\count93
\leftroot@=\count94
LaTeX Info: Redefining \overline on input line 306.
\classnum@=\count95
\DOTSCASE@=\count96
LaTeX Info: Redefining \ldots on input line 378.
LaTeX Info: Redefining \dots on input line 381.
LaTeX Info: Redefining \cdots on input line 466.
\Mathstrutbox@=\box26
\strutbox@=\box27
\big@size=\dimen109
LaTeX Font Info:    Redeclaring font encoding OML on input line 566.
LaTeX Font Info:    Redeclaring font encoding OMS on input line 567.
\macc@depth=\count97
\c@MaxMatrixCols=\count98
\dotsspace@=\muskip10
\c@parentequation=\count99
\dspbrk@lvl=\count100
\tag@help=\toks16
\row@=\count101
\column@=\count102
\maxfields@=\count103
\andhelp@=\toks17
\eqnshift@=\dimen110
\alignsep@=\dimen111
\tagshift@=\dimen112
\tagwidth@=\dimen113
\totwidth@=\dimen114
\lineht@=\dimen115
\@envbody=\toks18
\multlinegap=\skip50
\multlinetaggap=\skip51
\mathdisplay@stack=\toks19
LaTeX Info: Redefining \[ on input line 2665.
LaTeX Info: Redefining \] on input line 2666.
)
("C:\Users\bhavesh\AppData\Local\Programs\MiKTeX 2.9\tex\latex\epsf\epsf.sty"
This is `epsf.tex' v2.7.4 <14 February 2011>
\epsffilein=\read1
\epsfframemargin=\dimen116
\epsfframethickness=\dimen117
\epsfrsize=\dimen118
\epsftmp=\dimen119
\epsftsize=\dimen120
\epsfxsize=\dimen121
\epsfysize=\dimen122
\pspoints=\dimen123
)
("C:\Users\bhavesh\AppData\Local\Programs\MiKTeX 2.9\tex\latex\amsfonts\amsfont
s.sty"
Package: amsfonts 2013/01/14 v3.01 Basic AMSFonts support
\symAMSa=\mathgroup4
\symAMSb=\mathgroup5
LaTeX Font Info:    Overwriting math alphabet `\mathfrak' in version `bold'
(Font)                  U/euf/m/n --> U/euf/b/n on input line 106.
)
("C:\Users\bhavesh\AppData\Local\Programs\MiKTeX 2.9\tex\latex\amsfonts\amssymb
.sty"
Package: amssymb 2013/01/14 v3.01 AMS font symbols
)
("C:\Users\bhavesh\AppData\Local\Programs\MiKTeX 2.9\tex\latex\graphics\color.s
ty"
Package: color 2014/10/28 v1.1a Standard LaTeX Color (DPC)

("C:\Users\bhavesh\AppData\Local\Programs\MiKTeX 2.9\tex\latex\00miktex\color.c
fg"
File: color.cfg 2007/01/18 v1.5 color configuration of teTeX/TeXLive
)
Package color Info: Driver file: pdftex.def on input line 142.
)
("C:\Users\bhavesh\AppData\Local\Programs\MiKTeX 2.9\tex\latex\mathtools\mathto
ols.sty"
Package: mathtools 2015/11/12 v1.18 mathematical typesetting tools

("C:\Users\bhavesh\AppData\Local\Programs\MiKTeX 2.9\tex\latex\tools\calc.sty"
Package: calc 2014/10/28 v4.3 Infix arithmetic (KKT,FJ)
\calc@Acount=\count104
\calc@Bcount=\count105
\calc@Adimen=\dimen124
\calc@Bdimen=\dimen125
\calc@Askip=\skip52
\calc@Bskip=\skip53
LaTeX Info: Redefining \setlength on input line 80.
LaTeX Info: Redefining \addtolength on input line 81.
\calc@Ccount=\count106
\calc@Cskip=\skip54
)
("C:\Users\bhavesh\AppData\Local\Programs\MiKTeX 2.9\tex\latex\mathtools\mhsetu
p.sty"
Package: mhsetup 2010/01/21 v1.2a programming setup (MH)
)
LaTeX Info: Thecontrolsequence`\('isalreadyrobust on input line 129.
LaTeX Info: Thecontrolsequence`\)'isalreadyrobust on input line 129.
LaTeX Info: Thecontrolsequence`\['isalreadyrobust on input line 129.
LaTeX Info: Thecontrolsequence`\]'isalreadyrobust on input line 129.
\g_MT_multlinerow_int=\count107
\l_MT_multwidth_dim=\dimen126
\origjot=\skip55
\l_MT_shortvdotswithinadjustabove_dim=\dimen127
\l_MT_shortvdotswithinadjustbelow_dim=\dimen128
\l_MT_above_intertext_sep=\dimen129
\l_MT_below_intertext_sep=\dimen130
\l_MT_above_shortintertext_sep=\dimen131
\l_MT_below_shortintertext_sep=\dimen132
)
("C:\Users\bhavesh\AppData\Local\Programs\MiKTeX 2.9\tex\latex\placeins\placein
s.sty"
Package: placeins 2005/04/18  v 2.2
)
("C:\Users\bhavesh\AppData\Local\Programs\MiKTeX 2.9\tex\latex\booktabs\booktab
s.sty"
Package: booktabs 2005/04/14 v1.61803 publication quality tables
\heavyrulewidth=\dimen133
\lightrulewidth=\dimen134
\cmidrulewidth=\dimen135
\belowrulesep=\dimen136
\belowbottomsep=\dimen137
\aboverulesep=\dimen138
\abovetopsep=\dimen139
\cmidrulesep=\dimen140
\cmidrulekern=\dimen141
\defaultaddspace=\dimen142
\@cmidla=\count108
\@cmidlb=\count109
\@aboverulesep=\dimen143
\@belowrulesep=\dimen144
\@thisruleclass=\count110
\@lastruleclass=\count111
\@thisrulewidth=\dimen145
)
("C:\Users\bhavesh\AppData\Local\Programs\MiKTeX 2.9\tex\latex\enumitem\enumite
m.sty"
Package: enumitem 2011/09/28 v3.5.2 Customized lists
\labelindent=\skip56
\enit@outerparindent=\dimen146
\enit@toks=\toks20
\enit@inbox=\box28
\enitdp@description=\count112
)
("C:\Users\bhavesh\AppData\Local\Programs\MiKTeX 2.9\tex\latex\caption\caption.
sty"
Package: caption 2016/02/21 v3.3-144 Customizing captions (AR)

("C:\Users\bhavesh\AppData\Local\Programs\MiKTeX 2.9\tex\latex\caption\caption3
.sty"
Package: caption3 2016/02/04 v1.7-139 caption3 kernel (AR)
Package caption3 Info: TeX engine: e-TeX on input line 67.
\captionmargin=\dimen147
\captionmargin@=\dimen148
\captionwidth=\dimen149
\caption@tempdima=\dimen150
\caption@indent=\dimen151
\caption@parindent=\dimen152
\caption@hangindent=\dimen153
)
\c@ContinuedFloat=\count113
Package caption Info: subfigure package is loaded.
)
("C:\Users\bhavesh\AppData\Local\Programs\MiKTeX 2.9\tex\latex\geometry\geometr
y.sty"
Package: geometry 2010/09/12 v5.6 Page Geometry

("C:\Users\bhavesh\AppData\Local\Programs\MiKTeX 2.9\tex\generic\oberdiek\ifvte
x.sty"
Package: ifvtex 2010/03/01 v1.5 Detect VTeX and its facilities (HO)
Package ifvtex Info: VTeX not detected.
)
("C:\Users\bhavesh\AppData\Local\Programs\MiKTeX 2.9\tex\generic\ifxetex\ifxete
x.sty"
Package: ifxetex 2010/09/12 v0.6 Provides ifxetex conditional
)
\Gm@cnth=\count114
\Gm@cntv=\count115
\c@Gm@tempcnt=\count116
\Gm@bindingoffset=\dimen154
\Gm@wd@mp=\dimen155
\Gm@odd@mp=\dimen156
\Gm@even@mp=\dimen157
\Gm@layoutwidth=\dimen158
\Gm@layoutheight=\dimen159
\Gm@layouthoffset=\dimen160
\Gm@layoutvoffset=\dimen161
\Gm@dimlist=\toks21

("C:\Users\bhavesh\AppData\Local\Programs\MiKTeX 2.9\tex\latex\geometry\geometr
y.cfg"))
("C:\Users\bhavesh\AppData\Local\Programs\MiKTeX 2.9\tex\latex\preprint\authblk
.sty"
Package: authblk 2001/02/27 1.3 (PWD)
\affilsep=\skip57
\@affilsep=\skip58
\c@Maxaffil=\count117
\c@authors=\count118
\c@affil=\count119
)
("C:\Users\bhavesh\AppData\Local\Programs\MiKTeX 2.9\tex\latex\listings\listing
s.sty"
\lst@mode=\count120
\lst@gtempboxa=\box29
\lst@token=\toks22
\lst@length=\count121
\lst@currlwidth=\dimen162
\lst@column=\count122
\lst@pos=\count123
\lst@lostspace=\dimen163
\lst@width=\dimen164
\lst@newlines=\count124
\lst@lineno=\count125
\lst@maxwidth=\dimen165

("C:\Users\bhavesh\AppData\Local\Programs\MiKTeX 2.9\tex\latex\listings\lstmisc
.sty"
File: lstmisc.sty 2015/06/04 1.6 (Carsten Heinz)
\c@lstnumber=\count126
\lst@skipnumbers=\count127
\lst@framebox=\box30
)
("C:\Users\bhavesh\AppData\Local\Programs\MiKTeX 2.9\tex\latex\listings\listing
s.cfg"
File: listings.cfg 2015/06/04 1.6 listings configuration
))
Package: listings 2015/06/04 1.6 (Carsten Heinz)

("C:\Users\bhavesh\AppData\Local\Programs\MiKTeX 2.9\tex\latex\tools\array.sty"
Package: array 2014/10/28 v2.4c Tabular extension package (FMi)
\col@sep=\dimen166
\extrarowheight=\dimen167
\NC@list=\toks23
\extratabsurround=\skip59
\backup@length=\skip60
)
("C:\Users\bhavesh\AppData\Local\Programs\MiKTeX 2.9\tex\latex\titlesec\titlese
c.sty"
Package: titlesec 2016/03/21 v2.10.2 Sectioning titles
\ttl@box=\box31
\beforetitleunit=\skip61
\aftertitleunit=\skip62
\ttl@plus=\dimen168
\ttl@minus=\dimen169
\ttl@toksa=\toks24
\titlewidth=\dimen170
\titlewidthlast=\dimen171
\titlewidthfirst=\dimen172
)
("C:\Users\bhavesh\AppData\Local\Programs\MiKTeX 2.9\tex\latex\tools\bm.sty"
Package: bm 2014/10/28 v1.1c Bold Symbol Support (DPC/FMi)
\symboldoperators=\mathgroup6
\symboldletters=\mathgroup7
\symboldsymbols=\mathgroup8
LaTeX Font Info:    Redeclaring math alphabet \mathbf on input line 141.
LaTeX Info: Redefining \bm on input line 207.
)
("C:\Users\bhavesh\AppData\Local\Programs\MiKTeX 2.9\tex\latex\mathtools\empheq
.sty"
Package: empheq 2014/07/16 v2.14 Emphasizing equations
\l_EQ_equationtype_int=\count128
\l_EQ_alignmentmode_int=\count129
\l_EQ_totalwidth_dim=\dimen173
\l_EQ_displaywidth_dim=\dimen174
\l_EQ_temp_linewidth_dim=\dimen175
\EmphEqdelimitershortfall=\dimen176
\EmphEqdelimiterfactor=\count130
\g_EQ_toptag_height_dim=\dimen177
\g_EQ_bottomtag_depth_dim=\dimen178
\g_EQ_toprow_height_dim=\dimen179
\g_EQ_bottomrow_depth_dim=\dimen180
\g_EQ_widesttag_dim=\dimen181
\EQ_mathdisplay_box=\box32
\EQ_tag_box=\box33
\g_EQ_temprow_int=\count131
)
("C:\Users\bhavesh\AppData\Local\Programs\MiKTeX 2.9\tex\latex\base\inputenc.st
y"
Package: inputenc 2015/03/17 v1.2c Input encoding file
\inpenc@prehook=\toks25
\inpenc@posthook=\toks26

("C:\Users\bhavesh\AppData\Local\Programs\MiKTeX 2.9\tex\latex\base\latin1.def"
File: latin1.def 2015/03/17 v1.2c Input encoding file
))) (HW5.aux)
\openout1 = `HW5.aux'.

LaTeX Font Info:    Checking defaults for OML/cmm/m/it on input line 6.
LaTeX Font Info:    ... okay on input line 6.
LaTeX Font Info:    Checking defaults for T1/cmr/m/n on input line 6.
LaTeX Font Info:    ... okay on input line 6.
LaTeX Font Info:    Checking defaults for OT1/cmr/m/n on input line 6.
LaTeX Font Info:    ... okay on input line 6.
LaTeX Font Info:    Checking defaults for OMS/cmsy/m/n on input line 6.
LaTeX Font Info:    ... okay on input line 6.
LaTeX Font Info:    Checking defaults for OMX/cmex/m/n on input line 6.
LaTeX Font Info:    ... okay on input line 6.
LaTeX Font Info:    Checking defaults for U/cmr/m/n on input line 6.
LaTeX Font Info:    ... okay on input line 6.

("C:\Users\bhavesh\AppData\Local\Programs\MiKTeX 2.9\tex\context\base\supp-pdf.
mkii"
[Loading MPS to PDF converter (version 2006.09.02).]
\scratchcounter=\count132
\scratchdimen=\dimen182
\scratchbox=\box34
\nofMPsegments=\count133
\nofMParguments=\count134
\everyMPshowfont=\toks27
\MPscratchCnt=\count135
\MPscratchDim=\dimen183
\MPnumerator=\count136
\makeMPintoPDFobject=\count137
\everyMPtoPDFconversion=\toks28
)
Package caption Info: Begin \AtBeginDocument code.
Package caption Info: listings package is loaded.
Package caption Info: End \AtBeginDocument code.

*geometry* driver: auto-detecting
*geometry* detected driver: pdftex
*geometry* verbose mode - [ preamble ] result:
* driver: pdftex
* paper: custom
* layout: <same size as paper>
* layoutoffset:(h,v)=(0.0pt,0.0pt)
* modes: 
* h-part:(L,W,R)=(57.81621pt, 498.66258pt, 57.81621pt)
* v-part:(T,H,B)=(57.81621pt, 679.33757pt, 57.81621pt)
* \paperwidth=614.295pt
* \paperheight=794.96999pt
* \textwidth=498.66258pt
* \textheight=679.33757pt
* \oddsidemargin=-14.45378pt
* \evensidemargin=-14.45378pt
* \topmargin=-51.45378pt
* \headheight=12.0pt
* \headsep=25.0pt
* \topskip=11.0pt
* \footskip=30.0pt
* \marginparwidth=59.0pt
* \marginparsep=10.0pt
* \columnsep=10.0pt
* \skip\footins=10.0pt plus 4.0pt minus 2.0pt
* \hoffset=0.0pt
* \voffset=0.0pt
* \mag=1000
* \@twocolumnfalse
* \@twosidefalse
* \@mparswitchfalse
* \@reversemarginfalse
* (1in=72.27pt=25.4mm, 1cm=28.453pt)

\c@lstlisting=\count138
\Hy@linkcounter=\count139
LaTeX Font Info:    Try loading font information for U+msa on input line 8.
("C:\Users\bhavesh\AppData\Local\Programs\MiKTeX 2.9\tex\latex\amsfonts\umsa.fd
"
File: umsa.fd 2013/01/14 v3.01 AMS symbols A
)
LaTeX Font Info:    Try loading font information for U+msb on input line 8.

("C:\Users\bhavesh\AppData\Local\Programs\MiKTeX 2.9\tex\latex\amsfonts\umsb.fd
"
File: umsb.fd 2013/01/14 v3.01 AMS symbols B
)
LaTeX Font Info:    Try loading font information for OMS+cmr on input line 11.
 ("C:\Users\bhavesh\AppData\Local\Programs\MiKTeX 2.9\tex\latex\base\omscmr.fd"
File: omscmr.fd 2014/09/29 v2.5h Standard LaTeX font definitions
)
LaTeX Font Info:    Font shape `OMS/cmr/m/n' in size <10.95> not available
(Font)              Font shape `OMS/cmsy/m/n' tried instead on input line 11.
 [1

{C:/Users/bhavesh/AppData/Local/MiKTeX/2.9/pdftex/config/pdftex.map}]
[2]
Overfull \hbox (8.71463pt too wide) in paragraph at lines 359--359
[] 
 []

[3]
Underfull \hbox (badness 10000) in paragraph at lines 378--378

 []

[4] <Figures/Disp_nobf_alphz.png, id=27, 1445.4pt x 725.71124pt>
File: Figures/Disp_nobf_alphz.png Graphic file (type png)

<use Figures/Disp_nobf_alphz.png>
Package pdftex.def Info: Figures/Disp_nobf_alphz.png used on input line 384.
(pdftex.def)             Requested size: 505.87553pt x 397.49248pt.

Overfull \hbox (34.58801pt too wide) in paragraph at lines 384--385
 [] 
 []

[5 <./Figures/Disp_nobf_alphz.png (PNG copy)>]
<Figures/Stress_nobf_alphzer.png, id=32, 1445.4pt x 725.71124pt>
File: Figures/Stress_nobf_alphzer.png Graphic file (type png)

<use Figures/Stress_nobf_alphzer.png>
Package pdftex.def Info: Figures/Stress_nobf_alphzer.png used on input line 390
.
(pdftex.def)             Requested size: 505.87553pt x 397.49248pt.

Overfull \hbox (34.58801pt too wide) in paragraph at lines 390--391
 [] 
 []

[6 <./Figures/Stress_nobf_alphzer.png (PNG copy)>]
<Figures/Disp_bf_alphz.png, id=37, 1445.4pt x 725.71124pt>
File: Figures/Disp_bf_alphz.png Graphic file (type png)

<use Figures/Disp_bf_alphz.png>
Package pdftex.def Info: Figures/Disp_bf_alphz.png used on input line 398.
(pdftex.def)             Requested size: 505.87553pt x 397.49248pt.

Overfull \hbox (34.58801pt too wide) in paragraph at lines 398--399
 [] 
 []

[7 <./Figures/Disp_bf_alphz.png (PNG copy)>]
<Figures/Stress_bf_alphz.png, id=42, 1445.4pt x 725.71124pt>
File: Figures/Stress_bf_alphz.png Graphic file (type png)

<use Figures/Stress_bf_alphz.png>
Package pdftex.def Info: Figures/Stress_bf_alphz.png used on input line 404.
(pdftex.def)             Requested size: 505.87553pt x 397.49248pt.

Overfull \hbox (34.58801pt too wide) in paragraph at lines 404--405
 [] 
 []

[8 <./Figures/Stress_bf_alphz.png (PNG copy)>]
<Figures/Disp_nobf_alphm1_3.png, id=46, 1445.4pt x 725.71124pt>
File: Figures/Disp_nobf_alphm1_3.png Graphic file (type png)

<use Figures/Disp_nobf_alphm1_3.png>
Package pdftex.def Info: Figures/Disp_nobf_alphm1_3.png used on input line 413.

(pdftex.def)             Requested size: 505.87553pt x 397.49248pt.

Overfull \hbox (34.58801pt too wide) in paragraph at lines 413--414
 [] 
 []

[9 <./Figures/Disp_nobf_alphm1_3.png (PNG copy)>]
<Figures/Sress_nobf_alphm1_3.png, id=51, 1445.4pt x 725.71124pt>
File: Figures/Sress_nobf_alphm1_3.png Graphic file (type png)

<use Figures/Sress_nobf_alphm1_3.png>
Package pdftex.def Info: Figures/Sress_nobf_alphm1_3.png used on input line 419
.
(pdftex.def)             Requested size: 505.87553pt x 397.49248pt.

Overfull \hbox (34.58801pt too wide) in paragraph at lines 419--420
 [] 
 []

[10 <./Figures/Sress_nobf_alphm1_3.png (PNG copy)>]
<Figures/Disp_bf.png, id=55, 1445.4pt x 725.71124pt>
File: Figures/Disp_bf.png Graphic file (type png)
 <use Figures/Disp_bf.png>
Package pdftex.def Info: Figures/Disp_bf.png used on input line 428.
(pdftex.def)             Requested size: 505.87553pt x 397.49248pt.

Overfull \hbox (34.58801pt too wide) in paragraph at lines 428--429
 [] 
 []

[11 <./Figures/Disp_bf.png (PNG copy)>]
<Figures/Stress_bf.png, id=59, 1445.4pt x 725.71124pt>
File: Figures/Stress_bf.png Graphic file (type png)

<use Figures/Stress_bf.png>
Package pdftex.def Info: Figures/Stress_bf.png used on input line 434.
(pdftex.def)             Requested size: 505.87553pt x 397.49248pt.

Overfull \hbox (34.58801pt too wide) in paragraph at lines 434--435
 [] 
 []

[12 <./Figures/Stress_bf.png (PNG copy)>]
<Figures/Disp_nobf_alphm1_3_delt_001.png, id=63, 1445.4pt x 725.71124pt>
File: Figures/Disp_nobf_alphm1_3_delt_001.png Graphic file (type png)

<use Figures/Disp_nobf_alphm1_3_delt_001.png>
Package pdftex.def Info: Figures/Disp_nobf_alphm1_3_delt_001.png used on input 
line 456.
(pdftex.def)             Requested size: 433.62335pt x 433.62514pt.

Underfull \hbox (badness 10000) in paragraph at lines 458--459

 []

[13 <./Figures/Disp_nobf_alphm1_3_delt_001.png (PNG copy)>]
<Figures/Stress_nobf_alphm1_3_delt_2.png, id=68, 1445.4pt x 725.71124pt>
File: Figures/Stress_nobf_alphm1_3_delt_2.png Graphic file (type png)

<use Figures/Stress_nobf_alphm1_3_delt_2.png>
Package pdftex.def Info: Figures/Stress_nobf_alphm1_3_delt_2.png used on input 
line 462.
(pdftex.def)             Requested size: 505.87553pt x 397.49248pt.

Overfull \hbox (34.58801pt too wide) in paragraph at lines 462--463
 [] 
 []

[14 <./Figures/Stress_nobf_alphm1_3_delt_2.png (PNG copy)>]
<Figures/Disp_bf_alphm1_3_delt_2.png, id=72, 1445.4pt x 725.71124pt>
File: Figures/Disp_bf_alphm1_3_delt_2.png Graphic file (type png)

<use Figures/Disp_bf_alphm1_3_delt_2.png>
Package pdftex.def Info: Figures/Disp_bf_alphm1_3_delt_2.png used on input line
 473.
(pdftex.def)             Requested size: 505.87553pt x 397.49248pt.

Overfull \hbox (34.58801pt too wide) in paragraph at lines 473--474
 [] 
 []

[15 <./Figures/Disp_bf_alphm1_3_delt_2.png (PNG copy)>]
<Figures/Disp_nobf_alphm1_3_delt_2_tf.png, id=76, 1445.4pt x 725.71124pt>
File: Figures/Disp_nobf_alphm1_3_delt_2_tf.png Graphic file (type png)

<use Figures/Disp_nobf_alphm1_3_delt_2_tf.png>
Package pdftex.def Info: Figures/Disp_nobf_alphm1_3_delt_2_tf.png used on input
 line 483.
(pdftex.def)             Requested size: 505.87553pt x 397.49248pt.

Overfull \hbox (34.58801pt too wide) in paragraph at lines 483--484
 [] 
 []

[16 <./Figures/Disp_nobf_alphm1_3_delt_2_tf.png (PNG copy)>]
<Figures/Stress_nobf_alphm1_3_delt_2_tf.png, id=80, 1445.4pt x 725.71124pt>
File: Figures/Stress_nobf_alphm1_3_delt_2_tf.png Graphic file (type png)

<use Figures/Stress_nobf_alphm1_3_delt_2_tf.png>
Package pdftex.def Info: Figures/Stress_nobf_alphm1_3_delt_2_tf.png used on inp
ut line 488.
(pdftex.def)             Requested size: 505.87553pt x 397.49248pt.

Overfull \hbox (34.58801pt too wide) in paragraph at lines 488--489
 [] 
 []

[17 <./Figures/Stress_nobf_alphm1_3_delt_2_tf.png (PNG copy)>]
<Figures/Disp_bf_alphm1_3_delt_2_tf.png, id=84, 1445.4pt x 725.71124pt>
File: Figures/Disp_bf_alphm1_3_delt_2_tf.png Graphic file (type png)

<use Figures/Disp_bf_alphm1_3_delt_2_tf.png>
Package pdftex.def Info: Figures/Disp_bf_alphm1_3_delt_2_tf.png used on input l
ine 496.
(pdftex.def)             Requested size: 505.87553pt x 397.49248pt.

Overfull \hbox (34.58801pt too wide) in paragraph at lines 496--497
 [] 
 []

[18 <./Figures/Disp_bf_alphm1_3_delt_2_tf.png (PNG copy)>]
<Figures/Stress_bf_alphm1_3_delt_2_tf.png, id=88, 1445.4pt x 725.71124pt>
File: Figures/Stress_bf_alphm1_3_delt_2_tf.png Graphic file (type png)

<use Figures/Stress_bf_alphm1_3_delt_2_tf.png>
Package pdftex.def Info: Figures/Stress_bf_alphm1_3_delt_2_tf.png used on input
 line 501.
(pdftex.def)             Requested size: 505.87553pt x 397.49248pt.

Overfull \hbox (34.58801pt too wide) in paragraph at lines 501--502
 [] 
 []


Underfull \hbox (badness 10000) in paragraph at lines 505--505

 []

[19 <./Figures/Stress_bf_alphm1_3_delt_2_tf.png (PNG copy)>] (HW5.aux) ) 
Here is how much of TeX's memory you used:
 7253 strings out of 493634
 111430 string characters out of 3134424
 194367 words of memory out of 3000000
 10486 multiletter control sequences out of 15000+200000
 21925 words of font info for 79 fonts, out of 3000000 for 9000
 1025 hyphenation exceptions out of 8191
 44i,20n,38p,861b,297s stack positions out of 5000i,500n,10000p,200000b,50000s
<C:/Use
rs/bhavesh/AppData/Local/Programs/MiKTeX 2.9/fonts/type1/public/amsfonts/cm/cmb
x10.pfb><C:/Users/bhavesh/AppData/Local/Programs/MiKTeX 2.9/fonts/type1/public/
amsfonts/cm/cmbx12.pfb><C:/Users/bhavesh/AppData/Local/Programs/MiKTeX 2.9/font
s/type1/public/amsfonts/cm/cmbx8.pfb><C:/Users/bhavesh/AppData/Local/Programs/M
iKTeX 2.9/fonts/type1/public/amsfonts/cm/cmex10.pfb><C:/Users/bhavesh/AppData/L
ocal/Programs/MiKTeX 2.9/fonts/type1/public/amsfonts/cm/cmmi10.pfb><C:/Users/bh
avesh/AppData/Local/Programs/MiKTeX 2.9/fonts/type1/public/amsfonts/cm/cmmi12.p
fb><C:/Users/bhavesh/AppData/Local/Programs/MiKTeX 2.9/fonts/type1/public/amsfo
nts/cm/cmmi6.pfb><C:/Users/bhavesh/AppData/Local/Programs/MiKTeX 2.9/fonts/type
1/public/amsfonts/cm/cmmi8.pfb><C:/Users/bhavesh/AppData/Local/Programs/MiKTeX 
2.9/fonts/type1/public/amsfonts/cm/cmmib10.pfb><C:/Users/bhavesh/AppData/Local/
Programs/MiKTeX 2.9/fonts/type1/public/amsfonts/cm/cmr10.pfb><C:/Users/bhavesh/
AppData/Local/Programs/MiKTeX 2.9/fonts/type1/public/amsfonts/cm/cmr12.pfb><C:/
Users/bhavesh/AppData/Local/Programs/MiKTeX 2.9/fonts/type1/public/amsfonts/cm/
cmr6.pfb><C:/Users/bhavesh/AppData/Local/Programs/MiKTeX 2.9/fonts/type1/public
/amsfonts/cm/cmr8.pfb><C:/Users/bhavesh/AppData/Local/Programs/MiKTeX 2.9/fonts
/type1/public/amsfonts/cm/cmsy10.pfb><C:/Users/bhavesh/AppData/Local/Programs/M
iKTeX 2.9/fonts/type1/public/amsfonts/cm/cmsy8.pfb><C:/Users/bhavesh/AppData/Lo
cal/Programs/MiKTeX 2.9/fonts/type1/public/amsfonts/cm/cmti8.pfb>
Output written on HW5.pdf (19 pages, 826771 bytes).
PDF statistics:
 143 PDF objects out of 1000 (max. 8388607)
 0 named destinations out of 1000 (max. 500000)
 76 words of extra memory for PDF output out of 10000 (max. 10000000)

