This is pdfTeX, Version 3.14159265-2.6-1.40.16 (MiKTeX 2.9 64-bit) (preloaded format=pdflatex 2016.3.9)  24 OCT 2016 11:34
entering extended mode
**./Midterm.tex
(Midterm.tex
LaTeX2e <2015/10/01> patch level 2
Babel <3.9n> and hyphenation patterns for 69 languages loaded.
(commands.tex

LaTeX Warning: You have requested package `',
               but the package provides `commands'.

Package: commands 
("C:\Users\bhavesh\AppData\Local\Programs\MiKTeX 2.9\tex\latex\base\article.cls
"
Document Class: article 2014/09/29 v1.4h Standard LaTeX document class
("C:\Users\bhavesh\AppData\Local\Programs\MiKTeX 2.9\tex\latex\base\size11.clo"
File: size11.clo 2014/09/29 v1.4h Standard LaTeX file (size option)
)
\c@part=\count79
\c@section=\count80
\c@subsection=\count81
\c@subsubsection=\count82
\c@paragraph=\count83
\c@subparagraph=\count84
\c@figure=\count85
\c@table=\count86
\abovecaptionskip=\skip41
\belowcaptionskip=\skip42
\bibindent=\dimen102
)
("C:\Users\bhavesh\AppData\Local\Programs\MiKTeX 2.9\tex\latex\oberdiek\epstopd
f.sty"
Package: epstopdf 2010/02/09 v2.5 Conversion with epstopdf on the fly (HO)

("C:\Users\bhavesh\AppData\Local\Programs\MiKTeX 2.9\tex\latex\oberdiek\epstopd
f-base.sty"
Package: epstopdf-base 2010/02/09 v2.5 Base part for package epstopdf

("C:\Users\bhavesh\AppData\Local\Programs\MiKTeX 2.9\tex\generic\oberdiek\infwa
rerr.sty"
Package: infwarerr 2010/04/08 v1.3 Providing info/warning/error messages (HO)
)
("C:\Users\bhavesh\AppData\Local\Programs\MiKTeX 2.9\tex\latex\oberdiek\grfext.
sty"
Package: grfext 2010/08/19 v1.1 Manage graphics extensions (HO)

("C:\Users\bhavesh\AppData\Local\Programs\MiKTeX 2.9\tex\generic\oberdiek\kvdef
inekeys.sty"
Package: kvdefinekeys 2011/04/07 v1.3 Define keys (HO)

("C:\Users\bhavesh\AppData\Local\Programs\MiKTeX 2.9\tex\generic\oberdiek\ltxcm
ds.sty"
Package: ltxcmds 2011/11/09 v1.22 LaTeX kernel commands for general use (HO)
)))
("C:\Users\bhavesh\AppData\Local\Programs\MiKTeX 2.9\tex\latex\oberdiek\kvoptio
ns.sty"
Package: kvoptions 2011/06/30 v3.11 Key value format for package options (HO)

("C:\Users\bhavesh\AppData\Local\Programs\MiKTeX 2.9\tex\latex\graphics\keyval.
sty"
Package: keyval 2014/10/28 v1.15 key=value parser (DPC)
\KV@toks@=\toks14
)
("C:\Users\bhavesh\AppData\Local\Programs\MiKTeX 2.9\tex\generic\oberdiek\kvset
keys.sty"
Package: kvsetkeys 2012/04/25 v1.16 Key value parser (HO)

("C:\Users\bhavesh\AppData\Local\Programs\MiKTeX 2.9\tex\generic\oberdiek\etexc
mds.sty"
Package: etexcmds 2011/02/16 v1.5 Avoid name clashes with e-TeX commands (HO)

("C:\Users\bhavesh\AppData\Local\Programs\MiKTeX 2.9\tex\generic\oberdiek\iflua
tex.sty"
Package: ifluatex 2010/03/01 v1.3 Provides the ifluatex switch (HO)
Package ifluatex Info: LuaTeX not detected.
)
Package etexcmds Info: Could not find \expanded.
(etexcmds)             That can mean that you are not using pdfTeX 1.50 or
(etexcmds)             that some package has redefined \expanded.
(etexcmds)             In the latter case, load this package earlier.
)))
("C:\Users\bhavesh\AppData\Local\Programs\MiKTeX 2.9\tex\generic\oberdiek\pdfte
xcmds.sty"
Package: pdftexcmds 2011/11/29 v0.20 Utility functions of pdfTeX for LuaTeX (HO
)

("C:\Users\bhavesh\AppData\Local\Programs\MiKTeX 2.9\tex\generic\oberdiek\ifpdf
.sty"
Package: ifpdf 2011/01/30 v2.3 Provides the ifpdf switch (HO)
Package ifpdf Info: pdfTeX in PDF mode is detected.
)
Package pdftexcmds Info: LuaTeX not detected.
Package pdftexcmds Info: \pdf@primitive is available.
Package pdftexcmds Info: \pdf@ifprimitive is available.
Package pdftexcmds Info: \pdfdraftmode found.
)

Package epstopdf Warning: No graphics package `graphic{s,x}' loaded.

))
("C:\Users\bhavesh\AppData\Local\Programs\MiKTeX 2.9\tex\latex\subfigure\subfig
ure.sty"
Package: subfigure 2002/07/30 v2.1.4 subfigure package
\subfigtopskip=\skip43
\subfigcapskip=\skip44
\subfigcaptopadj=\dimen103
\subfigbottomskip=\skip45
\subfigcapmargin=\dimen104
\subfiglabelskip=\skip46
\c@subfigure=\count87
\c@lofdepth=\count88
\c@subtable=\count89
\c@lotdepth=\count90

****************************************
* Local config file subfigure.cfg used *
****************************************

("C:\Users\bhavesh\AppData\Local\Programs\MiKTeX 2.9\tex\latex\subfigure\subfig
ure.cfg")
\subfig@top=\skip47
\subfig@bottom=\skip48
)
("C:\Users\bhavesh\AppData\Local\Programs\MiKTeX 2.9\tex\latex\graphics\graphic
x.sty"
Package: graphicx 2014/10/28 v1.0g Enhanced LaTeX Graphics (DPC,SPQR)

("C:\Users\bhavesh\AppData\Local\Programs\MiKTeX 2.9\tex\latex\graphics\graphic
s.sty"
Package: graphics 2014/10/28 v1.0p Standard LaTeX Graphics (DPC,SPQR)

("C:\Users\bhavesh\AppData\Local\Programs\MiKTeX 2.9\tex\latex\graphics\trig.st
y"
Package: trig 1999/03/16 v1.09 sin cos tan (DPC)
)
("C:\Users\bhavesh\AppData\Local\Programs\MiKTeX 2.9\tex\latex\00miktex\graphic
s.cfg"
File: graphics.cfg 2007/01/18 v1.5 graphics configuration of teTeX/TeXLive
)
Package graphics Info: Driver file: pdftex.def on input line 94.

("C:\Users\bhavesh\AppData\Local\Programs\MiKTeX 2.9\tex\latex\pdftex-def\pdfte
x.def"
File: pdftex.def 2011/05/27 v0.06d Graphics/color for pdfTeX
\Gread@gobject=\count91
))
\Gin@req@height=\dimen105
\Gin@req@width=\dimen106
)
("C:\Users\bhavesh\AppData\Local\Programs\MiKTeX 2.9\tex\latex\amsmath\amsmath.
sty"
Package: amsmath 2013/01/14 v2.14 AMS math features
\@mathmargin=\skip49

For additional information on amsmath, use the `?' option.

("C:\Users\bhavesh\AppData\Local\Programs\MiKTeX 2.9\tex\latex\amsmath\amstext.
sty"
Package: amstext 2000/06/29 v2.01

("C:\Users\bhavesh\AppData\Local\Programs\MiKTeX 2.9\tex\latex\amsmath\amsgen.s
ty"
File: amsgen.sty 1999/11/30 v2.0
\@emptytoks=\toks15
\ex@=\dimen107
))
("C:\Users\bhavesh\AppData\Local\Programs\MiKTeX 2.9\tex\latex\amsmath\amsbsy.s
ty"
Package: amsbsy 1999/11/29 v1.2d
\pmbraise@=\dimen108
)
("C:\Users\bhavesh\AppData\Local\Programs\MiKTeX 2.9\tex\latex\amsmath\amsopn.s
ty"
Package: amsopn 1999/12/14 v2.01 operator names
)
\inf@bad=\count92
LaTeX Info: Redefining \frac on input line 210.
\uproot@=\count93
\leftroot@=\count94
LaTeX Info: Redefining \overline on input line 306.
\classnum@=\count95
\DOTSCASE@=\count96
LaTeX Info: Redefining \ldots on input line 378.
LaTeX Info: Redefining \dots on input line 381.
LaTeX Info: Redefining \cdots on input line 466.
\Mathstrutbox@=\box26
\strutbox@=\box27
\big@size=\dimen109
LaTeX Font Info:    Redeclaring font encoding OML on input line 566.
LaTeX Font Info:    Redeclaring font encoding OMS on input line 567.
\macc@depth=\count97
\c@MaxMatrixCols=\count98
\dotsspace@=\muskip10
\c@parentequation=\count99
\dspbrk@lvl=\count100
\tag@help=\toks16
\row@=\count101
\column@=\count102
\maxfields@=\count103
\andhelp@=\toks17
\eqnshift@=\dimen110
\alignsep@=\dimen111
\tagshift@=\dimen112
\tagwidth@=\dimen113
\totwidth@=\dimen114
\lineht@=\dimen115
\@envbody=\toks18
\multlinegap=\skip50
\multlinetaggap=\skip51
\mathdisplay@stack=\toks19
LaTeX Info: Redefining \[ on input line 2665.
LaTeX Info: Redefining \] on input line 2666.
)
("C:\Users\bhavesh\AppData\Local\Programs\MiKTeX 2.9\tex\latex\epsf\epsf.sty"
This is `epsf.tex' v2.7.4 <14 February 2011>
\epsffilein=\read1
\epsfframemargin=\dimen116
\epsfframethickness=\dimen117
\epsfrsize=\dimen118
\epsftmp=\dimen119
\epsftsize=\dimen120
\epsfxsize=\dimen121
\epsfysize=\dimen122
\pspoints=\dimen123
)
("C:\Users\bhavesh\AppData\Local\Programs\MiKTeX 2.9\tex\latex\amsfonts\amsfont
s.sty"
Package: amsfonts 2013/01/14 v3.01 Basic AMSFonts support
\symAMSa=\mathgroup4
\symAMSb=\mathgroup5
LaTeX Font Info:    Overwriting math alphabet `\mathfrak' in version `bold'
(Font)                  U/euf/m/n --> U/euf/b/n on input line 106.
)
("C:\Users\bhavesh\AppData\Local\Programs\MiKTeX 2.9\tex\latex\amsfonts\amssymb
.sty"
Package: amssymb 2013/01/14 v3.01 AMS font symbols
)
("C:\Users\bhavesh\AppData\Local\Programs\MiKTeX 2.9\tex\latex\graphics\color.s
ty"
Package: color 2014/10/28 v1.1a Standard LaTeX Color (DPC)

("C:\Users\bhavesh\AppData\Local\Programs\MiKTeX 2.9\tex\latex\00miktex\color.c
fg"
File: color.cfg 2007/01/18 v1.5 color configuration of teTeX/TeXLive
)
Package color Info: Driver file: pdftex.def on input line 142.
)
("C:\Users\bhavesh\AppData\Local\Programs\MiKTeX 2.9\tex\latex\mathtools\mathto
ols.sty"
Package: mathtools 2015/11/12 v1.18 mathematical typesetting tools

("C:\Users\bhavesh\AppData\Local\Programs\MiKTeX 2.9\tex\latex\tools\calc.sty"
Package: calc 2014/10/28 v4.3 Infix arithmetic (KKT,FJ)
\calc@Acount=\count104
\calc@Bcount=\count105
\calc@Adimen=\dimen124
\calc@Bdimen=\dimen125
\calc@Askip=\skip52
\calc@Bskip=\skip53
LaTeX Info: Redefining \setlength on input line 80.
LaTeX Info: Redefining \addtolength on input line 81.
\calc@Ccount=\count106
\calc@Cskip=\skip54
)
("C:\Users\bhavesh\AppData\Local\Programs\MiKTeX 2.9\tex\latex\mathtools\mhsetu
p.sty"
Package: mhsetup 2010/01/21 v1.2a programming setup (MH)
)
LaTeX Info: Thecontrolsequence`\('isalreadyrobust on input line 129.
LaTeX Info: Thecontrolsequence`\)'isalreadyrobust on input line 129.
LaTeX Info: Thecontrolsequence`\['isalreadyrobust on input line 129.
LaTeX Info: Thecontrolsequence`\]'isalreadyrobust on input line 129.
\g_MT_multlinerow_int=\count107
\l_MT_multwidth_dim=\dimen126
\origjot=\skip55
\l_MT_shortvdotswithinadjustabove_dim=\dimen127
\l_MT_shortvdotswithinadjustbelow_dim=\dimen128
\l_MT_above_intertext_sep=\dimen129
\l_MT_below_intertext_sep=\dimen130
\l_MT_above_shortintertext_sep=\dimen131
\l_MT_below_shortintertext_sep=\dimen132
)
("C:\Users\bhavesh\AppData\Local\Programs\MiKTeX 2.9\tex\latex\placeins\placein
s.sty"
Package: placeins 2005/04/18  v 2.2
)
("C:\Users\bhavesh\AppData\Local\Programs\MiKTeX 2.9\tex\latex\booktabs\booktab
s.sty"
Package: booktabs 2005/04/14 v1.61803 publication quality tables
\heavyrulewidth=\dimen133
\lightrulewidth=\dimen134
\cmidrulewidth=\dimen135
\belowrulesep=\dimen136
\belowbottomsep=\dimen137
\aboverulesep=\dimen138
\abovetopsep=\dimen139
\cmidrulesep=\dimen140
\cmidrulekern=\dimen141
\defaultaddspace=\dimen142
\@cmidla=\count108
\@cmidlb=\count109
\@aboverulesep=\dimen143
\@belowrulesep=\dimen144
\@thisruleclass=\count110
\@lastruleclass=\count111
\@thisrulewidth=\dimen145
)
("C:\Users\bhavesh\AppData\Local\Programs\MiKTeX 2.9\tex\latex\enumitem\enumite
m.sty"
Package: enumitem 2011/09/28 v3.5.2 Customized lists
\labelindent=\skip56
\enit@outerparindent=\dimen146
\enit@toks=\toks20
\enit@inbox=\box28
\enitdp@description=\count112
)
("C:\Users\bhavesh\AppData\Local\Programs\MiKTeX 2.9\tex\latex\caption\caption.
sty"
Package: caption 2016/02/21 v3.3-144 Customizing captions (AR)

("C:\Users\bhavesh\AppData\Local\Programs\MiKTeX 2.9\tex\latex\caption\caption3
.sty"
Package: caption3 2016/02/04 v1.7-139 caption3 kernel (AR)
Package caption3 Info: TeX engine: e-TeX on input line 67.
\captionmargin=\dimen147
\captionmargin@=\dimen148
\captionwidth=\dimen149
\caption@tempdima=\dimen150
\caption@indent=\dimen151
\caption@parindent=\dimen152
\caption@hangindent=\dimen153
)
\c@ContinuedFloat=\count113
Package caption Info: subfigure package is loaded.
)
("C:\Users\bhavesh\AppData\Local\Programs\MiKTeX 2.9\tex\latex\geometry\geometr
y.sty"
Package: geometry 2010/09/12 v5.6 Page Geometry

("C:\Users\bhavesh\AppData\Local\Programs\MiKTeX 2.9\tex\generic\oberdiek\ifvte
x.sty"
Package: ifvtex 2010/03/01 v1.5 Detect VTeX and its facilities (HO)
Package ifvtex Info: VTeX not detected.
)
("C:\Users\bhavesh\AppData\Local\Programs\MiKTeX 2.9\tex\generic\ifxetex\ifxete
x.sty"
Package: ifxetex 2010/09/12 v0.6 Provides ifxetex conditional
)
\Gm@cnth=\count114
\Gm@cntv=\count115
\c@Gm@tempcnt=\count116
\Gm@bindingoffset=\dimen154
\Gm@wd@mp=\dimen155
\Gm@odd@mp=\dimen156
\Gm@even@mp=\dimen157
\Gm@layoutwidth=\dimen158
\Gm@layoutheight=\dimen159
\Gm@layouthoffset=\dimen160
\Gm@layoutvoffset=\dimen161
\Gm@dimlist=\toks21

("C:\Users\bhavesh\AppData\Local\Programs\MiKTeX 2.9\tex\latex\geometry\geometr
y.cfg"))
("C:\Users\bhavesh\AppData\Local\Programs\MiKTeX 2.9\tex\latex\preprint\authblk
.sty"
Package: authblk 2001/02/27 1.3 (PWD)
\affilsep=\skip57
\@affilsep=\skip58
\c@Maxaffil=\count117
\c@authors=\count118
\c@affil=\count119
)
("C:\Users\bhavesh\AppData\Local\Programs\MiKTeX 2.9\tex\latex\listings\listing
s.sty"
\lst@mode=\count120
\lst@gtempboxa=\box29
\lst@token=\toks22
\lst@length=\count121
\lst@currlwidth=\dimen162
\lst@column=\count122
\lst@pos=\count123
\lst@lostspace=\dimen163
\lst@width=\dimen164
\lst@newlines=\count124
\lst@lineno=\count125
\lst@maxwidth=\dimen165

("C:\Users\bhavesh\AppData\Local\Programs\MiKTeX 2.9\tex\latex\listings\lstmisc
.sty"
File: lstmisc.sty 2015/06/04 1.6 (Carsten Heinz)
\c@lstnumber=\count126
\lst@skipnumbers=\count127
\lst@framebox=\box30
)
("C:\Users\bhavesh\AppData\Local\Programs\MiKTeX 2.9\tex\latex\listings\listing
s.cfg"
File: listings.cfg 2015/06/04 1.6 listings configuration
))
Package: listings 2015/06/04 1.6 (Carsten Heinz)

("C:\Users\bhavesh\AppData\Local\Programs\MiKTeX 2.9\tex\latex\tools\array.sty"
Package: array 2014/10/28 v2.4c Tabular extension package (FMi)
\col@sep=\dimen166
\extrarowheight=\dimen167
\NC@list=\toks23
\extratabsurround=\skip59
\backup@length=\skip60
)
("C:\Users\bhavesh\AppData\Local\Programs\MiKTeX 2.9\tex\latex\titlesec\titlese
c.sty"
Package: titlesec 2016/03/21 v2.10.2 Sectioning titles
\ttl@box=\box31
\beforetitleunit=\skip61
\aftertitleunit=\skip62
\ttl@plus=\dimen168
\ttl@minus=\dimen169
\ttl@toksa=\toks24
\titlewidth=\dimen170
\titlewidthlast=\dimen171
\titlewidthfirst=\dimen172
)
("C:\Users\bhavesh\AppData\Local\Programs\MiKTeX 2.9\tex\latex\tools\bm.sty"
Package: bm 2014/10/28 v1.1c Bold Symbol Support (DPC/FMi)
\symboldoperators=\mathgroup6
\symboldletters=\mathgroup7
\symboldsymbols=\mathgroup8
LaTeX Font Info:    Redeclaring math alphabet \mathbf on input line 141.
LaTeX Info: Redefining \bm on input line 207.
)
("C:\Users\bhavesh\AppData\Local\Programs\MiKTeX 2.9\tex\latex\base\inputenc.st
y"
Package: inputenc 2015/03/17 v1.2c Input encoding file
\inpenc@prehook=\toks25
\inpenc@posthook=\toks26

("C:\Users\bhavesh\AppData\Local\Programs\MiKTeX 2.9\tex\latex\base\latin1.def"
File: latin1.def 2015/03/17 v1.2c Input encoding file
))) (Midterm.aux)
\openout1 = `Midterm.aux'.

LaTeX Font Info:    Checking defaults for OML/cmm/m/it on input line 5.
LaTeX Font Info:    ... okay on input line 5.
LaTeX Font Info:    Checking defaults for T1/cmr/m/n on input line 5.
LaTeX Font Info:    ... okay on input line 5.
LaTeX Font Info:    Checking defaults for OT1/cmr/m/n on input line 5.
LaTeX Font Info:    ... okay on input line 5.
LaTeX Font Info:    Checking defaults for OMS/cmsy/m/n on input line 5.
LaTeX Font Info:    ... okay on input line 5.
LaTeX Font Info:    Checking defaults for OMX/cmex/m/n on input line 5.
LaTeX Font Info:    ... okay on input line 5.
LaTeX Font Info:    Checking defaults for U/cmr/m/n on input line 5.
LaTeX Font Info:    ... okay on input line 5.

("C:\Users\bhavesh\AppData\Local\Programs\MiKTeX 2.9\tex\context\base\supp-pdf.
mkii"
[Loading MPS to PDF converter (version 2006.09.02).]
\scratchcounter=\count128
\scratchdimen=\dimen173
\scratchbox=\box32
\nofMPsegments=\count129
\nofMParguments=\count130
\everyMPshowfont=\toks27
\MPscratchCnt=\count131
\MPscratchDim=\dimen174
\MPnumerator=\count132
\makeMPintoPDFobject=\count133
\everyMPtoPDFconversion=\toks28
)
Package caption Info: Begin \AtBeginDocument code.
Package caption Info: listings package is loaded.
Package caption Info: End \AtBeginDocument code.

*geometry* driver: auto-detecting
*geometry* detected driver: pdftex
*geometry* verbose mode - [ preamble ] result:
* driver: pdftex
* paper: custom
* layout: <same size as paper>
* layoutoffset:(h,v)=(0.0pt,0.0pt)
* modes: 
* h-part:(L,W,R)=(57.81621pt, 498.66258pt, 57.81621pt)
* v-part:(T,H,B)=(57.81621pt, 679.33757pt, 57.81621pt)
* \paperwidth=614.295pt
* \paperheight=794.96999pt
* \textwidth=498.66258pt
* \textheight=679.33757pt
* \oddsidemargin=-14.45378pt
* \evensidemargin=-14.45378pt
* \topmargin=-51.45378pt
* \headheight=12.0pt
* \headsep=25.0pt
* \topskip=11.0pt
* \footskip=30.0pt
* \marginparwidth=59.0pt
* \marginparsep=10.0pt
* \columnsep=10.0pt
* \skip\footins=10.0pt plus 4.0pt minus 2.0pt
* \hoffset=0.0pt
* \voffset=0.0pt
* \mag=1000
* \@twocolumnfalse
* \@twosidefalse
* \@mparswitchfalse
* \@reversemarginfalse
* (1in=72.27pt=25.4mm, 1cm=28.453pt)

\c@lstlisting=\count134
LaTeX Font Info:    Try loading font information for U+msa on input line 7.
("C:\Users\bhavesh\AppData\Local\Programs\MiKTeX 2.9\tex\latex\amsfonts\umsa.fd
"
File: umsa.fd 2013/01/14 v3.01 AMS symbols A
)
LaTeX Font Info:    Try loading font information for U+msb on input line 7.

("C:\Users\bhavesh\AppData\Local\Programs\MiKTeX 2.9\tex\latex\amsfonts\umsb.fd
"
File: umsb.fd 2013/01/14 v3.01 AMS symbols B
) [1

{C:/Users/bhavesh/AppData/Local/MiKTeX/2.9/pdftex/config/pdftex.map}]
Underfull \hbox (badness 10000) in paragraph at lines 94--95

 []

[2] [3] <Figures/Elemente.png, id=25, 1445.4pt x 725.71124pt>
File: Figures/Elemente.png Graphic file (type png)

<use Figures/Elemente.png>
Package pdftex.def Info: Figures/Elemente.png used on input line 254.
(pdftex.def)             Requested size: 505.89pt x 253.99167pt.
 [4]
<Figures/Elementc.png, id=30, 1445.4pt x 555.57562pt>
File: Figures/Elementc.png Graphic file (type png)

<use Figures/Elementc.png>
Package pdftex.def Info: Figures/Elementc.png used on input line 259.
(pdftex.def)             Requested size: 542.025pt x 208.34033pt.

Underfull \hbox (badness 10000) in paragraph at lines 277--278

 []

LaTeX Font Info:    Try loading font information for OMS+cmr on input line 282.

("C:\Users\bhavesh\AppData\Local\Programs\MiKTeX 2.9\tex\latex\base\omscmr.fd"
File: omscmr.fd 2014/09/29 v2.5h Standard LaTeX font definitions
)
LaTeX Font Info:    Font shape `OMS/cmr/m/n' in size <10.95> not available
(Font)              Font shape `OMS/cmsy/m/n' tried instead on input line 282.
[5 <./Figures/Elemente.png> <./Figures/Elementc.png>]
<Figures/fig3a.png, id=36, 1445.4pt x 558.58687pt>
File: Figures/fig3a.png Graphic file (type png)
 <use Figures/fig3a.png>
Package pdftex.def Info: Figures/fig3a.png used on input line 309.
(pdftex.def)             Requested size: 505.89pt x 195.4998pt.

Overfull \hbox (7.22742pt too wide) in paragraph at lines 309--310
 [] 
 []

[6] <Figures/Deformed3a.png, id=41, 1445.4pt x 569.87906pt>
File: Figures/Deformed3a.png Graphic file (type png)

<use Figures/Deformed3a.png>
Package pdftex.def Info: Figures/Deformed3a.png used on input line 331.
(pdftex.def)             Requested size: 505.89pt x 199.45195pt.

Overfull \hbox (34.60248pt too wide) in paragraph at lines 331--332
 [] 
 []

[7 <./Figures/fig3a.png (PNG copy)> <./Figures/Deformed3a.png (PNG copy)>]
<Figures/Contour3a.png, id=46, 1445.4pt x 572.89032pt>
File: Figures/Contour3a.png Graphic file (type png)

<use Figures/Contour3a.png>
Package pdftex.def Info: Figures/Contour3a.png used on input line 335.
(pdftex.def)             Requested size: 505.89pt x 200.50587pt.

Overfull \hbox (34.60248pt too wide) in paragraph at lines 335--336
 [] 
 []

<Figures/Stress_Strain3a.png, id=47, 1445.4pt x 725.71124pt>
File: Figures/Stress_Strain3a.png Graphic file (type png)

<use Figures/Stress_Strain3a.png>
Package pdftex.def Info: Figures/Stress_Strain3a.png used on input line 339.
(pdftex.def)             Requested size: 505.89pt x 253.99167pt.

Overfull \hbox (34.60248pt too wide) in paragraph at lines 339--340
 [] 
 []

[8 <./Figures/Contour3a.png (PNG copy)> <./Figures/Stress_Strain3a.png (PNG cop
y)>] <Figures/Deformed3b.png, id=51, 1445.4pt x 581.92406pt>
File: Figures/Deformed3b.png Graphic file (type png)

<use Figures/Deformed3b.png>
Package pdftex.def Info: Figures/Deformed3b.png used on input line 362.
(pdftex.def)             Requested size: 505.89pt x 203.66759pt.

Overfull \hbox (34.60248pt too wide) in paragraph at lines 362--363
 [] 
 []

[9 <./Figures/Deformed3b.png (PNG copy)>]
<Figures/Contour3b.png, id=55, 1445.4pt x 693.34032pt>
File: Figures/Contour3b.png Graphic file (type png)

<use Figures/Contour3b.png>
Package pdftex.def Info: Figures/Contour3b.png used on input line 366.
(pdftex.def)             Requested size: 505.89pt x 242.66216pt.

Overfull \hbox (34.60248pt too wide) in paragraph at lines 366--367
 [] 
 []

<Figures/Stress_Strain3b.png, id=56, 1445.4pt x 725.71124pt>
File: Figures/Stress_Strain3b.png Graphic file (type png)

<use Figures/Stress_Strain3b.png>
Package pdftex.def Info: Figures/Stress_Strain3b.png used on input line 370.
(pdftex.def)             Requested size: 505.89pt x 253.99167pt.

Overfull \hbox (34.60248pt too wide) in paragraph at lines 370--371
 [] 
 []

[10 <./Figures/Contour3b.png (PNG copy)> <./Figures/Stress_Strain3b.png (PNG co
py)>] <Figures/fig4ael.png, id=60, 1445.4pt x 693.34032pt>
File: Figures/fig4ael.png Graphic file (type png)

<use Figures/fig4ael.png>
Package pdftex.def Info: Figures/fig4ael.png used on input line 376.
(pdftex.def)             Requested size: 542.025pt x 260.00198pt.

Overfull \hbox (43.36241pt too wide) in paragraph at lines 376--377
 [] 
 []

[11 <./Figures/fig4ael.png>] [12]
<Figures/Deformed4a.png, id=69, 1445.4pt x 693.34032pt>
File: Figures/Deformed4a.png Graphic file (type png)

<use Figures/Deformed4a.png>
Package pdftex.def Info: Figures/Deformed4a.png used on input line 435.
(pdftex.def)             Requested size: 505.89pt x 242.66216pt.

Overfull \hbox (34.60248pt too wide) in paragraph at lines 435--436
 [] 
 []

<Figures/Contour4a.png, id=70, 1445.4pt x 693.34032pt>
File: Figures/Contour4a.png Graphic file (type png)

<use Figures/Contour4a.png>
Package pdftex.def Info: Figures/Contour4a.png used on input line 438.
(pdftex.def)             Requested size: 505.89pt x 242.66216pt.

Overfull \hbox (34.60248pt too wide) in paragraph at lines 438--439
 [] 
 []

[13 <./Figures/Deformed4a.png (PNG copy)> <./Figures/Contour4a.png (PNG copy)>]
<Figures/Stress_Strain4a.png, id=75, 1445.4pt x 725.71124pt>
File: Figures/Stress_Strain4a.png Graphic file (type png)

<use Figures/Stress_Strain4a.png>
Package pdftex.def Info: Figures/Stress_Strain4a.png used on input line 443.
(pdftex.def)             Requested size: 505.89pt x 253.99167pt.

Overfull \hbox (7.22742pt too wide) in paragraph at lines 443--444
 [] 
 []

<Figures/Deformed4b.png, id=76, 1445.4pt x 693.34032pt>
File: Figures/Deformed4b.png Graphic file (type png)

<use Figures/Deformed4b.png>
Package pdftex.def Info: Figures/Deformed4b.png used on input line 450.
(pdftex.def)             Requested size: 505.89pt x 242.66216pt.

Overfull \hbox (34.60248pt too wide) in paragraph at lines 450--451
 [] 
 []

[14 <./Figures/Stress_Strain4a.png (PNG copy)> <./Figures/Deformed4b.png (PNG c
opy)>] <Figures/Contour4b.png, id=80, 1445.4pt x 693.34032pt>
File: Figures/Contour4b.png Graphic file (type png)

<use Figures/Contour4b.png>
Package pdftex.def Info: Figures/Contour4b.png used on input line 454.
(pdftex.def)             Requested size: 505.89pt x 242.66216pt.

Overfull \hbox (34.60248pt too wide) in paragraph at lines 454--455
 [] 
 []

<Figures/Stress_Strain4b.png, id=81, 1445.4pt x 693.34032pt>
File: Figures/Stress_Strain4b.png Graphic file (type png)

<use Figures/Stress_Strain4b.png>
Package pdftex.def Info: Figures/Stress_Strain4b.png used on input line 459.
(pdftex.def)             Requested size: 542.025pt x 260.00198pt.

Overfull \hbox (43.36241pt too wide) in paragraph at lines 459--460
 [] 
 []

[15 <./Figures/Contour4b.png (PNG copy)> <./Figures/Stress_Strain4b.png (PNG co
py)>] <Figures/Stress_Strain4bh.png, id=85, 1445.4pt x 693.34032pt>
File: Figures/Stress_Strain4bh.png Graphic file (type png)

<use Figures/Stress_Strain4bh.png>
Package pdftex.def Info: Figures/Stress_Strain4bh.png used on input line 463.
(pdftex.def)             Requested size: 542.025pt x 260.00198pt.

Overfull \hbox (43.36241pt too wide) in paragraph at lines 463--464
 [] 
 []


LaTeX Warning: `!h' float specifier changed to `!ht'.


Underfull \hbox (badness 10000) in paragraph at lines 506--506

 []

[16 <./Figures/Stress_Strain4bh.png (PNG copy)>] [17] (Midterm.aux) ) 
Here is how much of TeX's memory you used:
 7010 strings out of 493634
 106311 string characters out of 3134424
 181008 words of memory out of 3000000
 10247 multiletter control sequences out of 15000+200000
 19835 words of font info for 73 fonts, out of 3000000 for 9000
 1025 hyphenation exceptions out of 8191
 44i,15n,39p,401b,298s stack positions out of 5000i,500n,10000p,200000b,50000s
<C:/Users/
bhavesh/AppData/Local/Programs/MiKTeX 2.9/fonts/type1/public/amsfonts/cm/cmbx10
.pfb><C:/Users/bhavesh/AppData/Local/Programs/MiKTeX 2.9/fonts/type1/public/ams
fonts/cm/cmbx12.pfb><C:/Users/bhavesh/AppData/Local/Programs/MiKTeX 2.9/fonts/t
ype1/public/amsfonts/cm/cmex10.pfb><C:/Users/bhavesh/AppData/Local/Programs/MiK
TeX 2.9/fonts/type1/public/amsfonts/cm/cmmi10.pfb><C:/Users/bhavesh/AppData/Loc
al/Programs/MiKTeX 2.9/fonts/type1/public/amsfonts/cm/cmmi12.pfb><C:/Users/bhav
esh/AppData/Local/Programs/MiKTeX 2.9/fonts/type1/public/amsfonts/cm/cmmi6.pfb>
<C:/Users/bhavesh/AppData/Local/Programs/MiKTeX 2.9/fonts/type1/public/amsfonts
/cm/cmmi8.pfb><C:/Users/bhavesh/AppData/Local/Programs/MiKTeX 2.9/fonts/type1/p
ublic/amsfonts/cm/cmmib10.pfb><C:/Users/bhavesh/AppData/Local/Programs/MiKTeX 2
.9/fonts/type1/public/amsfonts/cmextra/cmmib8.pfb><C:/Users/bhavesh/AppData/Loc
al/Programs/MiKTeX 2.9/fonts/type1/public/amsfonts/cm/cmr10.pfb><C:/Users/bhave
sh/AppData/Local/Programs/MiKTeX 2.9/fonts/type1/public/amsfonts/cm/cmr12.pfb><
C:/Users/bhavesh/AppData/Local/Programs/MiKTeX 2.9/fonts/type1/public/amsfonts/
cm/cmr6.pfb><C:/Users/bhavesh/AppData/Local/Programs/MiKTeX 2.9/fonts/type1/pub
lic/amsfonts/cm/cmr8.pfb><C:/Users/bhavesh/AppData/Local/Programs/MiKTeX 2.9/fo
nts/type1/public/amsfonts/cm/cmsy10.pfb><C:/Users/bhavesh/AppData/Local/Program
s/MiKTeX 2.9/fonts/type1/public/amsfonts/cm/cmsy8.pfb><C:/Users/bhavesh/AppData
/Local/Programs/MiKTeX 2.9/fonts/type1/public/amsfonts/cm/cmti10.pfb>
Output written on Midterm.pdf (17 pages, 660756 bytes).
PDF statistics:
 142 PDF objects out of 1000 (max. 8388607)
 0 named destinations out of 1000 (max. 500000)
 86 words of extra memory for PDF output out of 10000 (max. 10000000)

